# JRE version: OpenJDK Runtime Environment Temurin-17.0.9+9 (17.0.9+9) (build 17.0.9+9)
# Java VM: OpenJDK 64-Bit Server VM Temurin-17.0.9+9 (17.0.9+9, mixed mode, tiered, compressed oops, compressed class ptrs, parallel gc, linux-amd64)
GC Precious Log:
 CPUs: 4 total, 4 available
 Memory: 7826M
 Large Page Support: Disabled
 NUMA Support: Disabled
 Compressed Oops: Enabled (32-bit)
 Alignments: Space 512K, Generation 512K, Heap 2M
 Heap Min Capacity: 100M
 Heap Initial Capacity: 100M
 Heap Max Capacity: 1G
 Pre-touch: Disabled
 Parallel Workers: 4
Heap:
 PSYoungGen      total 10752K, used 10734K [0x00000000eab00000, 0x00000000ebc80000, 0x0000000100000000)
  eden space 8704K, 100% used [0x00000000eab00000,0x00000000eb380000,0x00000000eb380000)
  from space 2048K, 99% used [0x00000000eb380000,0x00000000eb57b9d0,0x00000000eb580000)
  to   space 4608K, 37% used [0x00000000eb800000,0x00000000eb9aee28,0x00000000ebc80000)
 ParOldGen       total 116736K, used 115879K [0x00000000c0000000, 0x00000000c7200000, 0x00000000eab00000)
  object space 116736K, 99% used [0x00000000c0000000,0x00000000c7129f50,0x00000000c7200000)
 Metaspace       used 57307K, committed 58368K, reserved 1114112K
  class space    used 6168K, committed 6656K, reserved 1048576K
GC Heap History (20 events):
Event: 32.142 GC heap after
{Heap after GC invocations=51 (full 4):
 PSYoungGen      total 17920K, used 3631K [0x00000000eab00000, 0x00000000ec100000, 0x0000000100000000)
  eden space 13824K, 0% used [0x00000000eab00000,0x00000000eab00000,0x00000000eb880000)
  from space 4096K, 88% used [0x00000000ebd00000,0x00000000ec08beb8,0x00000000ec100000)
  to   space 4096K, 0% used [0x00000000eb880000,0x00000000eb880000,0x00000000ebc80000)
 ParOldGen       total 116736K, used 94366K [0x00000000c0000000, 0x00000000c7200000, 0x00000000eab00000)
  object space 116736K, 80% used [0x00000000c0000000,0x00000000c5c27a00,0x00000000c7200000)
 Metaspace       used 56209K, committed 57216K, reserved 1114112K
  class space    used 6036K, committed 6464K, reserved 1048576K
}
Event: 32.357 GC heap before
{Heap before GC invocations=52 (full 4):
 PSYoungGen      total 17920K, used 17455K [0x00000000eab00000, 0x00000000ec100000, 0x0000000100000000)
  eden space 13824K, 100% used [0x00000000eab00000,0x00000000eb880000,0x00000000eb880000)
  from space 4096K, 88% used [0x00000000ebd00000,0x00000000ec08beb8,0x00000000ec100000)
  to   space 4096K, 0% used [0x00000000eb880000,0x00000000eb880000,0x00000000ebc80000)
 ParOldGen       total 116736K, used 94366K [0x00000000c0000000, 0x00000000c7200000, 0x00000000eab00000)
  object space 116736K, 80% used [0x00000000c0000000,0x00000000c5c27a00,0x00000000c7200000)
 Metaspace       used 56287K, committed 57280K, reserved 1114112K
  class space    used 6036K, committed 6464K, reserved 1048576K
}
Event: 32.383 GC heap after
{Heap after GC invocations=52 (full 4):
 PSYoungGen      total 16896K, used 2614K [0x00000000eab00000, 0x00000000ebe80000, 0x0000000100000000)
  eden space 13824K, 0% used [0x00000000eab00000,0x00000000eab00000,0x00000000eb880000)
  from space 3072K, 85% used [0x00000000eb880000,0x00000000ebb0da70,0x00000000ebb80000)
  to   space 3072K, 0% used [0x00000000ebb80000,0x00000000ebb80000,0x00000000ebe80000)
 ParOldGen       total 116736K, used 97952K [0x00000000c0000000, 0x00000000c7200000, 0x00000000eab00000)
  object space 116736K, 83% used [0x00000000c0000000,0x00000000c5fa8398,0x00000000c7200000)
 Metaspace       used 56287K, committed 57280K, reserved 1114112K
  class space    used 6036K, committed 6464K, reserved 1048576K
}
Event: 32.564 GC heap before
{Heap before GC invocations=53 (full 4):
 PSYoungGen      total 16896K, used 16438K [0x00000000eab00000, 0x00000000ebe80000, 0x0000000100000000)
  eden space 13824K, 100% used [0x00000000eab00000,0x00000000eb880000,0x00000000eb880000)
  from space 3072K, 85% used [0x00000000eb880000,0x00000000ebb0da70,0x00000000ebb80000)
  to   space 3072K, 0% used [0x00000000ebb80000,0x00000000ebb80000,0x00000000ebe80000)
 ParOldGen       total 116736K, used 97952K [0x00000000c0000000, 0x00000000c7200000, 0x00000000eab00000)
  object space 116736K, 83% used [0x00000000c0000000,0x00000000c5fa8398,0x00000000c7200000)
 Metaspace       used 56353K, committed 57344K, reserved 1114112K
  class space    used 6036K, committed 6464K, reserved 1048576K
}
Event: 32.594 GC heap after
{Heap after GC invocations=53 (full 4):
 PSYoungGen      total 15872K, used 1794K [0x00000000eab00000, 0x00000000ebd80000, 0x0000000100000000)
  eden space 13824K, 0% used [0x00000000eab00000,0x00000000eab00000,0x00000000eb880000)
  from space 2048K, 87% used [0x00000000ebb80000,0x00000000ebd40910,0x00000000ebd80000)
  to   space 2560K, 0% used [0x00000000eb880000,0x00000000eb880000,0x00000000ebb00000)
 ParOldGen       total 116736K, used 100438K [0x00000000c0000000, 0x00000000c7200000, 0x00000000eab00000)
  object space 116736K, 86% used [0x00000000c0000000,0x00000000c6215b68,0x00000000c7200000)
 Metaspace       used 56353K, committed 57344K, reserved 1114112K
  class space    used 6036K, committed 6464K, reserved 1048576K
}
Event: 32.768 GC heap before
{Heap before GC invocations=54 (full 4):
 PSYoungGen      total 15872K, used 15618K [0x00000000eab00000, 0x00000000ebd80000, 0x0000000100000000)
  eden space 13824K, 100% used [0x00000000eab00000,0x00000000eb880000,0x00000000eb880000)
  from space 2048K, 87% used [0x00000000ebb80000,0x00000000ebd40910,0x00000000ebd80000)
  to   space 2560K, 0% used [0x00000000eb880000,0x00000000eb880000,0x00000000ebb00000)
 ParOldGen       total 116736K, used 100438K [0x00000000c0000000, 0x00000000c7200000, 0x00000000eab00000)
  object space 116736K, 86% used [0x00000000c0000000,0x00000000c6215b68,0x00000000c7200000)
 Metaspace       used 56380K, committed 57344K, reserved 1114112K
  class space    used 6037K, committed 6464K, reserved 1048576K
}
Event: 32.794 GC heap after
{Heap after GC invocations=54 (full 4):
 PSYoungGen      total 15872K, used 1972K [0x00000000eab00000, 0x00000000ebc80000, 0x0000000100000000)
  eden space 13824K, 0% used [0x00000000eab00000,0x00000000eab00000,0x00000000eb880000)
  from space 2048K, 96% used [0x00000000eb880000,0x00000000eba6d378,0x00000000eba80000)
  to   space 2048K, 0% used [0x00000000eba80000,0x00000000eba80000,0x00000000ebc80000)
 ParOldGen       total 116736K, used 102062K [0x00000000c0000000, 0x00000000c7200000, 0x00000000eab00000)
  object space 116736K, 87% used [0x00000000c0000000,0x00000000c63ab998,0x00000000c7200000)
 Metaspace       used 56380K, committed 57344K, reserved 1114112K
  class space    used 6037K, committed 6464K, reserved 1048576K
}
Event: 33.023 GC heap before
{Heap before GC invocations=55 (full 4):
 PSYoungGen      total 15872K, used 15796K [0x00000000eab00000, 0x00000000ebc80000, 0x0000000100000000)
  eden space 13824K, 100% used [0x00000000eab00000,0x00000000eb880000,0x00000000eb880000)
  from space 2048K, 96% used [0x00000000eb880000,0x00000000eba6d378,0x00000000eba80000)
  to   space 2048K, 0% used [0x00000000eba80000,0x00000000eba80000,0x00000000ebc80000)
 ParOldGen       total 116736K, used 102062K [0x00000000c0000000, 0x00000000c7200000, 0x00000000eab00000)
  object space 116736K, 87% used [0x00000000c0000000,0x00000000c63ab998,0x00000000c7200000)
 Metaspace       used 56438K, committed 57472K, reserved 1114112K
  class space    used 6037K, committed 6464K, reserved 1048576K
}
Event: 33.039 GC heap after
{Heap after GC invocations=55 (full 4):
 PSYoungGen      total 13312K, used 2043K [0x00000000eab00000, 0x00000000ec180000, 0x0000000100000000)
  eden space 11264K, 0% used [0x00000000eab00000,0x00000000eab00000,0x00000000eb600000)
  from space 2048K, 99% used [0x00000000eba80000,0x00000000ebc7ec08,0x00000000ebc80000)
  to   space 4608K, 0% used [0x00000000eb600000,0x00000000eb600000,0x00000000eba80000)
 ParOldGen       total 116736K, used 103866K [0x00000000c0000000, 0x00000000c7200000, 0x00000000eab00000)
  object space 116736K, 88% used [0x00000000c0000000,0x00000000c656ebd8,0x00000000c7200000)
 Metaspace       used 56438K, committed 57472K, reserved 1114112K
  class space    used 6037K, committed 6464K, reserved 1048576K
}
Event: 33.221 GC heap before
{Heap before GC invocations=56 (full 4):
 PSYoungGen      total 13312K, used 13307K [0x00000000eab00000, 0x00000000ec180000, 0x0000000100000000)
  eden space 11264K, 100% used [0x00000000eab00000,0x00000000eb600000,0x00000000eb600000)
  from space 2048K, 99% used [0x00000000eba80000,0x00000000ebc7ec08,0x00000000ebc80000)
  to   space 4608K, 0% used [0x00000000eb600000,0x00000000eb600000,0x00000000eba80000)
 ParOldGen       total 116736K, used 103866K [0x00000000c0000000, 0x00000000c7200000, 0x00000000eab00000)
  object space 116736K, 88% used [0x00000000c0000000,0x00000000c656ebd8,0x00000000c7200000)
 Metaspace       used 56459K, committed 57472K, reserved 1114112K
  class space    used 6037K, committed 6464K, reserved 1048576K
}
Event: 33.236 GC heap after
{Heap after GC invocations=56 (full 4):
 PSYoungGen      total 13824K, used 2139K [0x00000000eab00000, 0x00000000ebc00000, 0x0000000100000000)
  eden space 11264K, 0% used [0x00000000eab00000,0x00000000eab00000,0x00000000eb600000)
  from space 2560K, 83% used [0x00000000eb600000,0x00000000eb816d48,0x00000000eb880000)
  to   space 3072K, 0% used [0x00000000eb900000,0x00000000eb900000,0x00000000ebc00000)
 ParOldGen       total 116736K, used 105779K [0x00000000c0000000, 0x00000000c7200000, 0x00000000eab00000)
  object space 116736K, 90% used [0x00000000c0000000,0x00000000c674cfa0,0x00000000c7200000)
 Metaspace       used 56459K, committed 57472K, reserved 1114112K
  class space    used 6037K, committed 6464K, reserved 1048576K
}
Event: 33.392 GC heap before
{Heap before GC invocations=57 (full 4):
 PSYoungGen      total 13824K, used 13395K [0x00000000eab00000, 0x00000000ebc00000, 0x0000000100000000)
  eden space 11264K, 99% used [0x00000000eab00000,0x00000000eb5fe100,0x00000000eb600000)
  from space 2560K, 83% used [0x00000000eb600000,0x00000000eb816d48,0x00000000eb880000)
  to   space 3072K, 0% used [0x00000000eb900000,0x00000000eb900000,0x00000000ebc00000)
 ParOldGen       total 116736K, used 105779K [0x00000000c0000000, 0x00000000c7200000, 0x00000000eab00000)
  object space 116736K, 90% used [0x00000000c0000000,0x00000000c674cfa0,0x00000000c7200000)
 Metaspace       used 56484K, committed 57472K, reserved 1114112K
  class space    used 6038K, committed 6464K, reserved 1048576K
}
Event: 33.416 GC heap after
{Heap after GC invocations=57 (full 4):
 PSYoungGen      total 11776K, used 3057K [0x00000000eab00000, 0x00000000ec100000, 0x0000000100000000)
  eden space 8704K, 0% used [0x00000000eab00000,0x00000000eab00000,0x00000000eb380000)
  from space 3072K, 99% used [0x00000000eb900000,0x00000000ebbfc488,0x00000000ebc00000)
  to   space 5632K, 0% used [0x00000000eb380000,0x00000000eb380000,0x00000000eb900000)
 ParOldGen       total 116736K, used 107798K [0x00000000c0000000, 0x00000000c7200000, 0x00000000eab00000)
  object space 116736K, 92% used [0x00000000c0000000,0x00000000c6945a28,0x00000000c7200000)
 Metaspace       used 56484K, committed 57472K, reserved 1114112K
  class space    used 6038K, committed 6464K, reserved 1048576K
}
Event: 33.612 GC heap before
{Heap before GC invocations=58 (full 4):
 PSYoungGen      total 11776K, used 11761K [0x00000000eab00000, 0x00000000ec100000, 0x0000000100000000)
  eden space 8704K, 100% used [0x00000000eab00000,0x00000000eb380000,0x00000000eb380000)
  from space 3072K, 99% used [0x00000000eb900000,0x00000000ebbfc488,0x00000000ebc00000)
  to   space 5632K, 0% used [0x00000000eb380000,0x00000000eb380000,0x00000000eb900000)
 ParOldGen       total 116736K, used 107798K [0x00000000c0000000, 0x00000000c7200000, 0x00000000eab00000)
  object space 116736K, 92% used [0x00000000c0000000,0x00000000c6945a28,0x00000000c7200000)
 Metaspace       used 56790K, committed 57792K, reserved 1114112K
  class space    used 6088K, committed 6528K, reserved 1048576K
}
Event: 33.653 GC heap after
{Heap after GC invocations=58 (full 4):
 PSYoungGen      total 10752K, used 1622K [0x00000000eab00000, 0x00000000eb980000, 0x0000000100000000)
  eden space 8704K, 0% used [0x00000000eab00000,0x00000000eab00000,0x00000000eb380000)
  from space 2048K, 79% used [0x00000000eb380000,0x00000000eb515850,0x00000000eb580000)
  to   space 3072K, 0% used [0x00000000eb680000,0x00000000eb680000,0x00000000eb980000)
 ParOldGen       total 116736K, used 110634K [0x00000000c0000000, 0x00000000c7200000, 0x00000000eab00000)
  object space 116736K, 94% used [0x00000000c0000000,0x00000000c6c0ab68,0x00000000c7200000)
 Metaspace       used 56790K, committed 57792K, reserved 1114112K
  class space    used 6088K, committed 6528K, reserved 1048576K
}
Event: 33.853 GC heap before
{Heap before GC invocations=59 (full 4):
 PSYoungGen      total 10752K, used 10326K [0x00000000eab00000, 0x00000000eb980000, 0x0000000100000000)
  eden space 8704K, 100% used [0x00000000eab00000,0x00000000eb380000,0x00000000eb380000)
  from space 2048K, 79% used [0x00000000eb380000,0x00000000eb515850,0x00000000eb580000)
  to   space 3072K, 0% used [0x00000000eb680000,0x00000000eb680000,0x00000000eb980000)
 ParOldGen       total 116736K, used 110634K [0x00000000c0000000, 0x00000000c7200000, 0x00000000eab00000)
  object space 116736K, 94% used [0x00000000c0000000,0x00000000c6c0ab68,0x00000000c7200000)
 Metaspace       used 57035K, committed 58112K, reserved 1114112K
  class space    used 6130K, committed 6592K, reserved 1048576K
}
Event: 33.865 GC heap after
{Heap after GC invocations=59 (full 4):
 PSYoungGen      total 10752K, used 1692K [0x00000000eab00000, 0x00000000eb880000, 0x0000000100000000)
  eden space 8704K, 0% used [0x00000000eab00000,0x00000000eab00000,0x00000000eb380000)
  from space 2048K, 82% used [0x00000000eb680000,0x00000000eb8272b0,0x00000000eb880000)
  to   space 2048K, 0% used [0x00000000eb380000,0x00000000eb380000,0x00000000eb580000)
 ParOldGen       total 116736K, used 112186K [0x00000000c0000000, 0x00000000c7200000, 0x00000000eab00000)
  object space 116736K, 96% used [0x00000000c0000000,0x00000000c6d8eba0,0x00000000c7200000)
 Metaspace       used 57035K, committed 58112K, reserved 1114112K
  class space    used 6130K, committed 6592K, reserved 1048576K
}
Event: 34.032 GC heap before
{Heap before GC invocations=60 (full 4):
 PSYoungGen      total 10752K, used 10396K [0x00000000eab00000, 0x00000000eb880000, 0x0000000100000000)
  eden space 8704K, 100% used [0x00000000eab00000,0x00000000eb380000,0x00000000eb380000)
  from space 2048K, 82% used [0x00000000eb680000,0x00000000eb8272b0,0x00000000eb880000)
  to   space 2048K, 0% used [0x00000000eb380000,0x00000000eb380000,0x00000000eb580000)
 ParOldGen       total 116736K, used 112186K [0x00000000c0000000, 0x00000000c7200000, 0x00000000eab00000)
  object space 116736K, 96% used [0x00000000c0000000,0x00000000c6d8eba0,0x00000000c7200000)
 Metaspace       used 57127K, committed 58176K, reserved 1114112K
  class space    used 6154K, committed 6592K, reserved 1048576K
}
Event: 34.047 GC heap after
{Heap after GC invocations=60 (full 4):
 PSYoungGen      total 10752K, used 2030K [0x00000000eab00000, 0x00000000ebc80000, 0x0000000100000000)
  eden space 8704K, 0% used [0x00000000eab00000,0x00000000eab00000,0x00000000eb380000)
  from space 2048K, 99% used [0x00000000eb380000,0x00000000eb57b9d0,0x00000000eb580000)
  to   space 4608K, 0% used [0x00000000eb800000,0x00000000eb800000,0x00000000ebc80000)
 ParOldGen       total 116736K, used 113931K [0x00000000c0000000, 0x00000000c7200000, 0x00000000eab00000)
  object space 116736K, 97% used [0x00000000c0000000,0x00000000c6f42e20,0x00000000c7200000)
 Metaspace       used 57127K, committed 58176K, reserved 1114112K
  class space    used 6154K, committed 6592K, reserved 1048576K
}
Event: 34.225 GC heap before
{Heap before GC invocations=61 (full 4):
 PSYoungGen      total 10752K, used 10734K [0x00000000eab00000, 0x00000000ebc80000, 0x0000000100000000)
  eden space 8704K, 100% used [0x00000000eab00000,0x00000000eb380000,0x00000000eb380000)
  from space 2048K, 99% used [0x00000000eb380000,0x00000000eb57b9d0,0x00000000eb580000)
  to   space 4608K, 0% used [0x00000000eb800000,0x00000000eb800000,0x00000000ebc80000)
 ParOldGen       total 116736K, used 113931K [0x00000000c0000000, 0x00000000c7200000, 0x00000000eab00000)
  object space 116736K, 97% used [0x00000000c0000000,0x00000000c6f42e20,0x00000000c7200000)
 Metaspace       used 57307K, committed 58368K, reserved 1114112K
  class space    used 6168K, committed 6656K, reserved 1048576K
}

