# JRE version: OpenJDK Runtime Environment (11.0.20.1+1) (build 11.0.20.1+1-post-Ubuntu-0ubuntu120.04)
# Java VM: OpenJDK 64-Bit Server VM (11.0.20.1+1-post-Ubuntu-0ubuntu120.04, mixed mode, sharing, tiered, compressed oops, g1 gc, linux-amd64)
Heap:
 garbage-first heap   total 589824K, used 321823K [0x0000000085a00000, 0x0000000100000000)
  region size 1024K, 13 young (13312K), 4 survivors (4096K)
 Metaspace       used 35356K, capacity 36679K, committed 36992K, reserved 1081344K
  class space    used 3899K, capacity 4396K, committed 4480K, reserved 1048576K
GC Heap History (20 events):
Event: 10.742 GC heap after
{Heap after GC invocations=18 (full 0):
 garbage-first heap   total 326656K, used 152272K [0x0000000085a00000, 0x0000000100000000)
  region size 1024K, 3 young (3072K), 3 survivors (3072K)
 Metaspace       used 28280K, capacity 29227K, committed 29440K, reserved 1075200K
  class space    used 3177K, capacity 3577K, committed 3584K, reserved 1048576K
}
Event: 10.763 GC heap before
{Heap before GC invocations=18 (full 0):
 garbage-first heap   total 326656K, used 152272K [0x0000000085a00000, 0x0000000100000000)
  region size 1024K, 4 young (4096K), 3 survivors (3072K)
 Metaspace       used 28317K, capacity 29360K, committed 29440K, reserved 1075200K
  class space    used 3183K, capacity 3579K, committed 3584K, reserved 1048576K
}
Event: 10.774 GC heap after
{Heap after GC invocations=19 (full 0):
 garbage-first heap   total 326656K, used 152066K [0x0000000085a00000, 0x0000000100000000)
  region size 1024K, 3 young (3072K), 3 survivors (3072K)
 Metaspace       used 28317K, capacity 29360K, committed 29440K, reserved 1075200K
  class space    used 3183K, capacity 3579K, committed 3584K, reserved 1048576K
}
Event: 12.190 GC heap before
{Heap before GC invocations=20 (full 0):
 garbage-first heap   total 326656K, used 211458K [0x0000000085a00000, 0x0000000100000000)
  region size 1024K, 57 young (58368K), 3 survivors (3072K)
 Metaspace       used 29837K, capacity 30882K, committed 31232K, reserved 1077248K
  class space    used 3326K, capacity 3739K, committed 3840K, reserved 1048576K
}
Event: 12.210 GC heap after
{Heap after GC invocations=21 (full 0):
 garbage-first heap   total 326656K, used 172058K [0x0000000085a00000, 0x0000000100000000)
  region size 1024K, 8 young (8192K), 8 survivors (8192K)
 Metaspace       used 29837K, capacity 30882K, committed 31232K, reserved 1077248K
  class space    used 3326K, capacity 3739K, committed 3840K, reserved 1048576K
}
Event: 12.878 GC heap before
{Heap before GC invocations=21 (full 0):
 garbage-first heap   total 326656K, used 222234K [0x0000000085a00000, 0x0000000100000000)
  region size 1024K, 58 young (59392K), 8 survivors (8192K)
 Metaspace       used 31715K, capacity 32847K, committed 33152K, reserved 1079296K
  class space    used 3535K, capacity 3946K, committed 3968K, reserved 1048576K
}
Event: 12.903 GC heap after
{Heap after GC invocations=22 (full 0):
 garbage-first heap   total 468992K, used 175294K [0x0000000085a00000, 0x0000000100000000)
  region size 1024K, 3 young (3072K), 3 survivors (3072K)
 Metaspace       used 31715K, capacity 32847K, committed 33152K, reserved 1079296K
  class space    used 3535K, capacity 3946K, committed 3968K, reserved 1048576K
}
Event: 14.656 GC heap before
{Heap before GC invocations=23 (full 0):
 garbage-first heap   total 468992K, used 278718K [0x0000000085a00000, 0x0000000100000000)
  region size 1024K, 104 young (106496K), 3 survivors (3072K)
 Metaspace       used 35078K, capacity 36456K, committed 36736K, reserved 1081344K
  class space    used 3892K, capacity 4412K, committed 4480K, reserved 1048576K
}
Event: 14.687 GC heap after
{Heap after GC invocations=24 (full 0):
 garbage-first heap   total 468992K, used 187444K [0x0000000085a00000, 0x0000000100000000)
  region size 1024K, 13 young (13312K), 13 survivors (13312K)
 Metaspace       used 35078K, capacity 36456K, committed 36736K, reserved 1081344K
  class space    used 3892K, capacity 4412K, committed 4480K, reserved 1048576K
}
Event: 15.365 GC heap before
{Heap before GC invocations=24 (full 0):
 garbage-first heap   total 468992K, used 306228K [0x0000000085a00000, 0x0000000100000000)
  region size 1024K, 129 young (132096K), 13 survivors (13312K)
 Metaspace       used 35102K, capacity 36459K, committed 36736K, reserved 1081344K
  class space    used 3892K, capacity 4412K, committed 4480K, reserved 1048576K
}
Event: 15.454 GC heap after
{Heap after GC invocations=25 (full 0):
 garbage-first heap   total 468992K, used 209554K [0x0000000085a00000, 0x0000000100000000)
  region size 1024K, 17 young (17408K), 17 survivors (17408K)
 Metaspace       used 35102K, capacity 36459K, committed 36736K, reserved 1081344K
  class space    used 3892K, capacity 4412K, committed 4480K, reserved 1048576K
}
Event: 15.947 GC heap before
{Heap before GC invocations=25 (full 0):
 garbage-first heap   total 468992K, used 329362K [0x0000000085a00000, 0x0000000100000000)
  region size 1024K, 132 young (135168K), 17 survivors (17408K)
 Metaspace       used 35159K, capacity 36539K, committed 36736K, reserved 1081344K
  class space    used 3895K, capacity 4417K, committed 4480K, reserved 1048576K
}
Event: 15.994 GC heap after
{Heap after GC invocations=26 (full 0):
 garbage-first heap   total 468992K, used 232762K [0x0000000085a00000, 0x0000000100000000)
  region size 1024K, 17 young (17408K), 17 survivors (17408K)
 Metaspace       used 35159K, capacity 36539K, committed 36736K, reserved 1081344K
  class space    used 3895K, capacity 4417K, committed 4480K, reserved 1048576K
}
Event: 16.398 GC heap before
{Heap before GC invocations=26 (full 0):
 garbage-first heap   total 468992K, used 339258K [0x0000000085a00000, 0x0000000100000000)
  region size 1024K, 121 young (123904K), 17 survivors (17408K)
 Metaspace       used 35181K, capacity 36544K, committed 36736K, reserved 1081344K
  class space    used 3895K, capacity 4417K, committed 4480K, reserved 1048576K
}
Event: 16.440 GC heap after
{Heap after GC invocations=27 (full 0):
 garbage-first heap   total 468992K, used 249552K [0x0000000085a00000, 0x0000000100000000)
  region size 1024K, 16 young (16384K), 16 survivors (16384K)
 Metaspace       used 35181K, capacity 36544K, committed 36736K, reserved 1081344K
  class space    used 3895K, capacity 4417K, committed 4480K, reserved 1048576K
}
Event: 17.004 GC heap before
{Heap before GC invocations=27 (full 0):
 garbage-first heap   total 468992K, used 346832K [0x0000000085a00000, 0x0000000100000000)
  region size 1024K, 111 young (113664K), 16 survivors (16384K)
 Metaspace       used 35206K, capacity 36547K, committed 36736K, reserved 1081344K
  class space    used 3896K, capacity 4418K, committed 4480K, reserved 1048576K
}
Event: 17.042 GC heap after
{Heap after GC invocations=28 (full 0):
 garbage-first heap   total 589824K, used 270032K [0x0000000085a00000, 0x0000000100000000)
  region size 1024K, 14 young (14336K), 14 survivors (14336K)
 Metaspace       used 35206K, capacity 36547K, committed 36736K, reserved 1081344K
  class space    used 3896K, capacity 4418K, committed 4480K, reserved 1048576K
}
Event: 18.400 GC heap before
{Heap before GC invocations=29 (full 0):
 garbage-first heap   total 589824K, used 416464K [0x0000000085a00000, 0x0000000100000000)
  region size 1024K, 147 young (150528K), 14 survivors (14336K)
 Metaspace       used 35282K, capacity 36583K, committed 36736K, reserved 1081344K
  class space    used 3893K, capacity 4388K, committed 4480K, reserved 1048576K
}
Event: 18.473 GC heap after
{Heap after GC invocations=30 (full 0):
 garbage-first heap   total 589824K, used 312607K [0x0000000085a00000, 0x0000000100000000)
  region size 1024K, 19 young (19456K), 19 survivors (19456K)
 Metaspace       used 35282K, capacity 36583K, committed 36736K, reserved 1081344K
  class space    used 3893K, capacity 4388K, committed 4480K, reserved 1048576K
}
Event: 18.552 GC heap before
{Heap before GC invocations=30 (full 0):
 garbage-first heap   total 589824K, used 320799K [0x0000000085a00000, 0x0000000100000000)
  region size 1024K, 28 young (28672K), 19 survivors (19456K)
 Metaspace       used 35356K, capacity 36679K, committed 36992K, reserved 1081344K
  class space    used 3899K, capacity 4396K, committed 4480K, reserved 1048576K
}

