# JRE version: OpenJDK Runtime Environment Temurin-17.0.9+9 (17.0.9+9) (build 17.0.9+9)
# Java VM: OpenJDK 64-Bit Server VM Temurin-17.0.9+9 (17.0.9+9, mixed mode, tiered, compressed oops, compressed class ptrs, parallel gc, linux-amd64)
GC Precious Log:
 CPUs: 4 total, 4 available
 Memory: 7826M
 Large Page Support: Disabled
 NUMA Support: Disabled
 Compressed Oops: Enabled (32-bit)
 Alignments: Space 512K, Generation 512K, Heap 2M
 Heap Min Capacity: 100M
 Heap Initial Capacity: 100M
 Heap Max Capacity: 1G
 Pre-touch: Disabled
 Parallel Workers: 4
Heap:
 PSYoungGen      total 30720K, used 26002K [0x00000000eab00000, 0x00000000ecd00000, 0x0000000100000000)
  eden space 24576K, 100% used [0x00000000eab00000,0x00000000ec300000,0x00000000ec300000)
  from space 6144K, 23% used [0x00000000ec300000,0x00000000ec464800,0x00000000ec900000)
  to   space 2560K, 16% used [0x00000000eca80000,0x00000000ecae8000,0x00000000ecd00000)
 ParOldGen       total 174080K, used 118365K [0x00000000c0000000, 0x00000000caa00000, 0x00000000eab00000)
  object space 174080K, 67% used [0x00000000c0000000,0x00000000c7397620,0x00000000caa00000)
 Metaspace       used 94879K, committed 96448K, reserved 1179648K
  class space    used 9721K, committed 10368K, reserved 1048576K
GC Heap History (20 events):
Event: 1580.881 GC heap after
{Heap after GC invocations=267 (full 13):
 PSYoungGen      total 37888K, used 9833K [0x00000000eab00000, 0x00000000ee100000, 0x0000000100000000)
  eden space 27648K, 0% used [0x00000000eab00000,0x00000000eab00000,0x00000000ec600000)
  from space 10240K, 96% used [0x00000000ed700000,0x00000000ee09a400,0x00000000ee100000)
  to   space 12288K, 0% used [0x00000000ec900000,0x00000000ec900000,0x00000000ed500000)
 ParOldGen       total 174080K, used 98278K [0x00000000c0000000, 0x00000000caa00000, 0x00000000eab00000)
  object space 174080K, 56% used [0x00000000c0000000,0x00000000c5ff9a18,0x00000000caa00000)
 Metaspace       used 94821K, committed 96320K, reserved 1179648K
  class space    used 9720K, committed 10368K, reserved 1048576K
}
Event: 1580.974 GC heap before
{Heap before GC invocations=268 (full 13):
 PSYoungGen      total 37888K, used 37481K [0x00000000eab00000, 0x00000000ee100000, 0x0000000100000000)
  eden space 27648K, 100% used [0x00000000eab00000,0x00000000ec600000,0x00000000ec600000)
  from space 10240K, 96% used [0x00000000ed700000,0x00000000ee09a400,0x00000000ee100000)
  to   space 12288K, 0% used [0x00000000ec900000,0x00000000ec900000,0x00000000ed500000)
 ParOldGen       total 174080K, used 98278K [0x00000000c0000000, 0x00000000caa00000, 0x00000000eab00000)
  object space 174080K, 56% used [0x00000000c0000000,0x00000000c5ff9a18,0x00000000caa00000)
 Metaspace       used 94825K, committed 96320K, reserved 1179648K
  class space    used 9721K, committed 10368K, reserved 1048576K
}
Event: 1580.985 GC heap after
{Heap after GC invocations=268 (full 13):
 PSYoungGen      total 36864K, used 8882K [0x00000000eab00000, 0x00000000ed900000, 0x0000000100000000)
  eden space 27648K, 0% used [0x00000000eab00000,0x00000000eab00000,0x00000000ec600000)
  from space 9216K, 96% used [0x00000000ec900000,0x00000000ed1ac800,0x00000000ed200000)
  to   space 7168K, 0% used [0x00000000ed200000,0x00000000ed200000,0x00000000ed900000)
 ParOldGen       total 174080K, used 98278K [0x00000000c0000000, 0x00000000caa00000, 0x00000000eab00000)
  object space 174080K, 56% used [0x00000000c0000000,0x00000000c5ff9a18,0x00000000caa00000)
 Metaspace       used 94825K, committed 96320K, reserved 1179648K
  class space    used 9721K, committed 10368K, reserved 1048576K
}
Event: 1581.058 GC heap before
{Heap before GC invocations=269 (full 13):
 PSYoungGen      total 36864K, used 36530K [0x00000000eab00000, 0x00000000ed900000, 0x0000000100000000)
  eden space 27648K, 100% used [0x00000000eab00000,0x00000000ec600000,0x00000000ec600000)
  from space 9216K, 96% used [0x00000000ec900000,0x00000000ed1ac800,0x00000000ed200000)
  to   space 7168K, 0% used [0x00000000ed200000,0x00000000ed200000,0x00000000ed900000)
 ParOldGen       total 174080K, used 98278K [0x00000000c0000000, 0x00000000caa00000, 0x00000000eab00000)
  object space 174080K, 56% used [0x00000000c0000000,0x00000000c5ff9a18,0x00000000caa00000)
 Metaspace       used 94825K, committed 96320K, reserved 1179648K
  class space    used 9721K, committed 10368K, reserved 1048576K
}
Event: 1581.074 GC heap after
{Heap after GC invocations=269 (full 13):
 PSYoungGen      total 34816K, used 7154K [0x00000000eab00000, 0x00000000eda00000, 0x0000000100000000)
  eden space 27648K, 0% used [0x00000000eab00000,0x00000000eab00000,0x00000000ec600000)
  from space 7168K, 99% used [0x00000000ed200000,0x00000000ed8fc800,0x00000000ed900000)
  to   space 10240K, 0% used [0x00000000ec600000,0x00000000ec600000,0x00000000ed000000)
 ParOldGen       total 174080K, used 101062K [0x00000000c0000000, 0x00000000caa00000, 0x00000000eab00000)
  object space 174080K, 58% used [0x00000000c0000000,0x00000000c62b1a18,0x00000000caa00000)
 Metaspace       used 94825K, committed 96320K, reserved 1179648K
  class space    used 9721K, committed 10368K, reserved 1048576K
}
Event: 1581.192 GC heap before
{Heap before GC invocations=270 (full 13):
 PSYoungGen      total 34816K, used 34802K [0x00000000eab00000, 0x00000000eda00000, 0x0000000100000000)
  eden space 27648K, 100% used [0x00000000eab00000,0x00000000ec600000,0x00000000ec600000)
  from space 7168K, 99% used [0x00000000ed200000,0x00000000ed8fc800,0x00000000ed900000)
  to   space 10240K, 0% used [0x00000000ec600000,0x00000000ec600000,0x00000000ed000000)
 ParOldGen       total 174080K, used 101062K [0x00000000c0000000, 0x00000000caa00000, 0x00000000eab00000)
  object space 174080K, 58% used [0x00000000c0000000,0x00000000c62b1a18,0x00000000caa00000)
 Metaspace       used 94836K, committed 96320K, reserved 1179648K
  class space    used 9721K, committed 10368K, reserved 1048576K
}
Event: 1581.200 GC heap after
{Heap after GC invocations=270 (full 13):
 PSYoungGen      total 33792K, used 6130K [0x00000000eab00000, 0x00000000ed500000, 0x0000000100000000)
  eden space 27648K, 0% used [0x00000000eab00000,0x00000000eab00000,0x00000000ec600000)
  from space 6144K, 99% used [0x00000000ec600000,0x00000000ecbfc800,0x00000000ecc00000)
  to   space 7680K, 0% used [0x00000000ecd80000,0x00000000ecd80000,0x00000000ed500000)
 ParOldGen       total 174080K, used 101070K [0x00000000c0000000, 0x00000000caa00000, 0x00000000eab00000)
  object space 174080K, 58% used [0x00000000c0000000,0x00000000c62b3a18,0x00000000caa00000)
 Metaspace       used 94836K, committed 96320K, reserved 1179648K
  class space    used 9721K, committed 10368K, reserved 1048576K
}
Event: 1581.299 GC heap before
{Heap before GC invocations=271 (full 13):
 PSYoungGen      total 33792K, used 33778K [0x00000000eab00000, 0x00000000ed500000, 0x0000000100000000)
  eden space 27648K, 100% used [0x00000000eab00000,0x00000000ec600000,0x00000000ec600000)
  from space 6144K, 99% used [0x00000000ec600000,0x00000000ecbfc800,0x00000000ecc00000)
  to   space 7680K, 0% used [0x00000000ecd80000,0x00000000ecd80000,0x00000000ed500000)
 ParOldGen       total 174080K, used 101070K [0x00000000c0000000, 0x00000000caa00000, 0x00000000eab00000)
  object space 174080K, 58% used [0x00000000c0000000,0x00000000c62b3a18,0x00000000caa00000)
 Metaspace       used 94839K, committed 96384K, reserved 1179648K
  class space    used 9721K, committed 10368K, reserved 1048576K
}
Event: 1581.315 GC heap after
{Heap after GC invocations=271 (full 13):
 PSYoungGen      total 24576K, used 7661K [0x00000000eab00000, 0x00000000eea00000, 0x0000000100000000)
  eden space 16896K, 0% used [0x00000000eab00000,0x00000000eab00000,0x00000000ebb80000)
  from space 7680K, 99% used [0x00000000ecd80000,0x00000000ed4fb7a8,0x00000000ed500000)
  to   space 18432K, 0% used [0x00000000ebb80000,0x00000000ebb80000,0x00000000ecd80000)
 ParOldGen       total 174080K, used 109800K [0x00000000c0000000, 0x00000000caa00000, 0x00000000eab00000)
  object space 174080K, 63% used [0x00000000c0000000,0x00000000c6b3a1f0,0x00000000caa00000)
 Metaspace       used 94839K, committed 96384K, reserved 1179648K
  class space    used 9721K, committed 10368K, reserved 1048576K
}
Event: 1581.355 GC heap before
{Heap before GC invocations=272 (full 13):
 PSYoungGen      total 24576K, used 24557K [0x00000000eab00000, 0x00000000eea00000, 0x0000000100000000)
  eden space 16896K, 100% used [0x00000000eab00000,0x00000000ebb80000,0x00000000ebb80000)
  from space 7680K, 99% used [0x00000000ecd80000,0x00000000ed4fb7a8,0x00000000ed500000)
  to   space 18432K, 0% used [0x00000000ebb80000,0x00000000ebb80000,0x00000000ecd80000)
 ParOldGen       total 174080K, used 109800K [0x00000000c0000000, 0x00000000caa00000, 0x00000000eab00000)
  object space 174080K, 63% used [0x00000000c0000000,0x00000000c6b3a1f0,0x00000000caa00000)
 Metaspace       used 94840K, committed 96384K, reserved 1179648K
  class space    used 9721K, committed 10368K, reserved 1048576K
}
Event: 1581.362 GC heap after
{Heap after GC invocations=272 (full 13):
 PSYoungGen      total 25088K, used 7746K [0x00000000eab00000, 0x00000000ed180000, 0x0000000100000000)
  eden space 16896K, 0% used [0x00000000eab00000,0x00000000eab00000,0x00000000ebb80000)
  from space 8192K, 94% used [0x00000000ebb80000,0x00000000ec310810,0x00000000ec380000)
  to   space 11264K, 0% used [0x00000000ec680000,0x00000000ec680000,0x00000000ed180000)
 ParOldGen       total 174080K, used 109800K [0x00000000c0000000, 0x00000000caa00000, 0x00000000eab00000)
  object space 174080K, 63% used [0x00000000c0000000,0x00000000c6b3a1f0,0x00000000caa00000)
 Metaspace       used 94840K, committed 96384K, reserved 1179648K
  class space    used 9721K, committed 10368K, reserved 1048576K
}
Event: 1581.394 GC heap before
{Heap before GC invocations=273 (full 13):
 PSYoungGen      total 25088K, used 24642K [0x00000000eab00000, 0x00000000ed180000, 0x0000000100000000)
  eden space 16896K, 100% used [0x00000000eab00000,0x00000000ebb80000,0x00000000ebb80000)
  from space 8192K, 94% used [0x00000000ebb80000,0x00000000ec310810,0x00000000ec380000)
  to   space 11264K, 0% used [0x00000000ec680000,0x00000000ec680000,0x00000000ed180000)
 ParOldGen       total 174080K, used 109800K [0x00000000c0000000, 0x00000000caa00000, 0x00000000eab00000)
  object space 174080K, 63% used [0x00000000c0000000,0x00000000c6b3a1f0,0x00000000caa00000)
 Metaspace       used 94841K, committed 96384K, reserved 1179648K
  class space    used 9721K, committed 10368K, reserved 1048576K
}
Event: 1581.400 GC heap after
{Heap after GC invocations=273 (full 13):
 PSYoungGen      total 28672K, used 8898K [0x00000000eab00000, 0x00000000ed000000, 0x0000000100000000)
  eden space 18944K, 0% used [0x00000000eab00000,0x00000000eab00000,0x00000000ebd80000)
  from space 9728K, 91% used [0x00000000ec680000,0x00000000ecf30830,0x00000000ed000000)
  to   space 9216K, 0% used [0x00000000ebd80000,0x00000000ebd80000,0x00000000ec680000)
 ParOldGen       total 174080K, used 109800K [0x00000000c0000000, 0x00000000caa00000, 0x00000000eab00000)
  object space 174080K, 63% used [0x00000000c0000000,0x00000000c6b3a1f0,0x00000000caa00000)
 Metaspace       used 94841K, committed 96384K, reserved 1179648K
  class space    used 9721K, committed 10368K, reserved 1048576K
}
Event: 1581.449 GC heap before
{Heap before GC invocations=274 (full 13):
 PSYoungGen      total 28672K, used 27842K [0x00000000eab00000, 0x00000000ed000000, 0x0000000100000000)
  eden space 18944K, 100% used [0x00000000eab00000,0x00000000ebd80000,0x00000000ebd80000)
  from space 9728K, 91% used [0x00000000ec680000,0x00000000ecf30830,0x00000000ed000000)
  to   space 9216K, 0% used [0x00000000ebd80000,0x00000000ebd80000,0x00000000ec680000)
 ParOldGen       total 174080K, used 109800K [0x00000000c0000000, 0x00000000caa00000, 0x00000000eab00000)
  object space 174080K, 63% used [0x00000000c0000000,0x00000000c6b3a1f0,0x00000000caa00000)
 Metaspace       used 94841K, committed 96384K, reserved 1179648K
  class space    used 9721K, committed 10368K, reserved 1048576K
}
Event: 1581.458 GC heap after
{Heap after GC invocations=274 (full 13):
 PSYoungGen      total 28160K, used 9193K [0x00000000eab00000, 0x00000000ed900000, 0x0000000100000000)
  eden space 18944K, 0% used [0x00000000eab00000,0x00000000eab00000,0x00000000ebd80000)
  from space 9216K, 99% used [0x00000000ebd80000,0x00000000ec67a750,0x00000000ec680000)
  to   space 12800K, 0% used [0x00000000ecc80000,0x00000000ecc80000,0x00000000ed900000)
 ParOldGen       total 174080K, used 112408K [0x00000000c0000000, 0x00000000caa00000, 0x00000000eab00000)
  object space 174080K, 64% used [0x00000000c0000000,0x00000000c6dc61f0,0x00000000caa00000)
 Metaspace       used 94841K, committed 96384K, reserved 1179648K
  class space    used 9721K, committed 10368K, reserved 1048576K
}
Event: 1581.501 GC heap before
{Heap before GC invocations=275 (full 13):
 PSYoungGen      total 28160K, used 28137K [0x00000000eab00000, 0x00000000ed900000, 0x0000000100000000)
  eden space 18944K, 100% used [0x00000000eab00000,0x00000000ebd80000,0x00000000ebd80000)
  from space 9216K, 99% used [0x00000000ebd80000,0x00000000ec67a750,0x00000000ec680000)
  to   space 12800K, 0% used [0x00000000ecc80000,0x00000000ecc80000,0x00000000ed900000)
 ParOldGen       total 174080K, used 112408K [0x00000000c0000000, 0x00000000caa00000, 0x00000000eab00000)
  object space 174080K, 64% used [0x00000000c0000000,0x00000000c6dc61f0,0x00000000caa00000)
 Metaspace       used 94841K, committed 96384K, reserved 1179648K
  class space    used 9721K, committed 10368K, reserved 1048576K
}
Event: 1581.508 GC heap after
{Heap after GC invocations=275 (full 13):
 PSYoungGen      total 24064K, used 2306K [0x00000000eab00000, 0x00000000ecf00000, 0x0000000100000000)
  eden space 21504K, 0% used [0x00000000eab00000,0x00000000eab00000,0x00000000ec000000)
  from space 2560K, 90% used [0x00000000ecc80000,0x00000000ecec0810,0x00000000ecf00000)
  to   space 6144K, 0% used [0x00000000ec300000,0x00000000ec300000,0x00000000ec900000)
 ParOldGen       total 174080K, used 117648K [0x00000000c0000000, 0x00000000caa00000, 0x00000000eab00000)
  object space 174080K, 67% used [0x00000000c0000000,0x00000000c72e41f0,0x00000000caa00000)
 Metaspace       used 94841K, committed 96384K, reserved 1179648K
  class space    used 9721K, committed 10368K, reserved 1048576K
}
Event: 1581.559 GC heap before
{Heap before GC invocations=276 (full 13):
 PSYoungGen      total 24064K, used 23810K [0x00000000eab00000, 0x00000000ecf00000, 0x0000000100000000)
  eden space 21504K, 100% used [0x00000000eab00000,0x00000000ec000000,0x00000000ec000000)
  from space 2560K, 90% used [0x00000000ecc80000,0x00000000ecec0810,0x00000000ecf00000)
  to   space 6144K, 0% used [0x00000000ec300000,0x00000000ec300000,0x00000000ec900000)
 ParOldGen       total 174080K, used 117648K [0x00000000c0000000, 0x00000000caa00000, 0x00000000eab00000)
  object space 174080K, 67% used [0x00000000c0000000,0x00000000c72e41f0,0x00000000caa00000)
 Metaspace       used 94859K, committed 96384K, reserved 1179648K
  class space    used 9721K, committed 10368K, reserved 1048576K
}
Event: 1581.562 GC heap after
{Heap after GC invocations=276 (full 13):
 PSYoungGen      total 30720K, used 1426K [0x00000000eab00000, 0x00000000ecd00000, 0x0000000100000000)
  eden space 24576K, 0% used [0x00000000eab00000,0x00000000eab00000,0x00000000ec300000)
  from space 6144K, 23% used [0x00000000ec300000,0x00000000ec464800,0x00000000ec900000)
  to   space 2560K, 0% used [0x00000000eca80000,0x00000000eca80000,0x00000000ecd00000)
 ParOldGen       total 174080K, used 117680K [0x00000000c0000000, 0x00000000caa00000, 0x00000000eab00000)
  object space 174080K, 67% used [0x00000000c0000000,0x00000000c72ec1f0,0x00000000caa00000)
 Metaspace       used 94859K, committed 96384K, reserved 1179648K
  class space    used 9721K, committed 10368K, reserved 1048576K
}
Event: 1597.666 GC heap before
{Heap before GC invocations=277 (full 13):
 PSYoungGen      total 30720K, used 26002K [0x00000000eab00000, 0x00000000ecd00000, 0x0000000100000000)
  eden space 24576K, 100% used [0x00000000eab00000,0x00000000ec300000,0x00000000ec300000)
  from space 6144K, 23% used [0x00000000ec300000,0x00000000ec464800,0x00000000ec900000)
  to   space 2560K, 0% used [0x00000000eca80000,0x00000000eca80000,0x00000000ecd00000)
 ParOldGen       total 174080K, used 117680K [0x00000000c0000000, 0x00000000caa00000, 0x00000000eab00000)
  object space 174080K, 67% used [0x00000000c0000000,0x00000000c72ec1f0,0x00000000caa00000)
 Metaspace       used 94879K, committed 96448K, reserved 1179648K
  class space    used 9721K, committed 10368K, reserved 1048576K
}

