# JRE version: OpenJDK Runtime Environment Temurin-17.0.9+9 (17.0.9+9) (build 17.0.9+9)
# Java VM: OpenJDK 64-Bit Server VM Temurin-17.0.9+9 (17.0.9+9, mixed mode, tiered, compressed oops, compressed class ptrs, parallel gc, linux-amd64)
GC Precious Log:
 CPUs: 4 total, 4 available
 Memory: 7826M
 Large Page Support: Disabled
 NUMA Support: Disabled
 Compressed Oops: Enabled (32-bit)
 Alignments: Space 512K, Generation 512K, Heap 2M
 Heap Min Capacity: 100M
 Heap Initial Capacity: 100M
 Heap Max Capacity: 1G
 Pre-touch: Disabled
 Parallel Workers: 4
Heap:
 PSYoungGen      total 12800K, used 1528K [0x00000000eab00000, 0x00000000ec880000, 0x0000000100000000)
  eden space 11264K, 0% used [0x00000000eab00000,0x00000000eab00000,0x00000000eb600000)
  from space 1536K, 99% used [0x00000000eb600000,0x00000000eb77e028,0x00000000eb780000)
  to   space 8704K, 0% used [0x00000000ec000000,0x00000000ec000000,0x00000000ec880000)
 ParOldGen       total 342528K, used 342103K [0x00000000c0000000, 0x00000000d4e80000, 0x00000000eab00000)
  object space 342528K, 99% used [0x00000000c0000000,0x00000000d4e15f60,0x00000000d4e80000)
 Metaspace       used 101850K, committed 103296K, reserved 1179648K
  class space    used 9919K, committed 10560K, reserved 1048576K
GC Heap History (20 events):
Event: 4984.919 GC heap after
{Heap after GC invocations=3053 (full 77):
 PSYoungGen      total 10240K, used 768K [0x00000000eab00000, 0x00000000ebd00000, 0x0000000100000000)
  eden space 9216K, 0% used [0x00000000eab00000,0x00000000eab00000,0x00000000eb400000)
  from space 1024K, 75% used [0x00000000ebc00000,0x00000000ebcc0000,0x00000000ebd00000)
  to   space 2048K, 0% used [0x00000000eb900000,0x00000000eb900000,0x00000000ebb00000)
 ParOldGen       total 340992K, used 326003K [0x00000000c0000000, 0x00000000d4d00000, 0x00000000eab00000)
  object space 340992K, 95% used [0x00000000c0000000,0x00000000d3e5cc60,0x00000000d4d00000)
 Metaspace       used 101838K, committed 103296K, reserved 1179648K
  class space    used 9919K, committed 10560K, reserved 1048576K
}
Event: 4984.940 GC heap before
{Heap before GC invocations=3054 (full 77):
 PSYoungGen      total 10240K, used 9984K [0x00000000eab00000, 0x00000000ebd00000, 0x0000000100000000)
  eden space 9216K, 100% used [0x00000000eab00000,0x00000000eb400000,0x00000000eb400000)
  from space 1024K, 75% used [0x00000000ebc00000,0x00000000ebcc0000,0x00000000ebd00000)
  to   space 2048K, 0% used [0x00000000eb900000,0x00000000eb900000,0x00000000ebb00000)
 ParOldGen       total 340992K, used 326003K [0x00000000c0000000, 0x00000000d4d00000, 0x00000000eab00000)
  object space 340992K, 95% used [0x00000000c0000000,0x00000000d3e5cc60,0x00000000d4d00000)
 Metaspace       used 101838K, committed 103296K, reserved 1179648K
  class space    used 9919K, committed 10560K, reserved 1048576K
}
Event: 4984.945 GC heap after
{Heap after GC invocations=3054 (full 77):
 PSYoungGen      total 12800K, used 1033K [0x00000000eab00000, 0x00000000ebc80000, 0x0000000100000000)
  eden space 10752K, 0% used [0x00000000eab00000,0x00000000eab00000,0x00000000eb580000)
  from space 2048K, 50% used [0x00000000eb900000,0x00000000eba02400,0x00000000ebb00000)
  to   space 1536K, 0% used [0x00000000ebb00000,0x00000000ebb00000,0x00000000ebc80000)
 ParOldGen       total 340992K, used 326735K [0x00000000c0000000, 0x00000000d4d00000, 0x00000000eab00000)
  object space 340992K, 95% used [0x00000000c0000000,0x00000000d3f13cd0,0x00000000d4d00000)
 Metaspace       used 101838K, committed 103296K, reserved 1179648K
  class space    used 9919K, committed 10560K, reserved 1048576K
}
Event: 4985.389 GC heap before
{Heap before GC invocations=3055 (full 77):
 PSYoungGen      total 12800K, used 11777K [0x00000000eab00000, 0x00000000ebc80000, 0x0000000100000000)
  eden space 10752K, 99% used [0x00000000eab00000,0x00000000eb57e220,0x00000000eb580000)
  from space 2048K, 50% used [0x00000000eb900000,0x00000000eba02400,0x00000000ebb00000)
  to   space 1536K, 0% used [0x00000000ebb00000,0x00000000ebb00000,0x00000000ebc80000)
 ParOldGen       total 340992K, used 326735K [0x00000000c0000000, 0x00000000d4d00000, 0x00000000eab00000)
  object space 340992K, 95% used [0x00000000c0000000,0x00000000d3f13cd0,0x00000000d4d00000)
 Metaspace       used 101844K, committed 103296K, reserved 1179648K
  class space    used 9919K, committed 10560K, reserved 1048576K
}
Event: 4985.402 GC heap after
{Heap after GC invocations=3055 (full 77):
 PSYoungGen      total 11776K, used 1509K [0x00000000eab00000, 0x00000000ec380000, 0x0000000100000000)
  eden space 10240K, 0% used [0x00000000eab00000,0x00000000eab00000,0x00000000eb500000)
  from space 1536K, 98% used [0x00000000ebb00000,0x00000000ebc796c8,0x00000000ebc80000)
  to   space 6144K, 0% used [0x00000000eb500000,0x00000000eb500000,0x00000000ebb00000)
 ParOldGen       total 340992K, used 330486K [0x00000000c0000000, 0x00000000d4d00000, 0x00000000eab00000)
  object space 340992K, 96% used [0x00000000c0000000,0x00000000d42bd830,0x00000000d4d00000)
 Metaspace       used 101844K, committed 103296K, reserved 1179648K
  class space    used 9919K, committed 10560K, reserved 1048576K
}
Event: 4985.602 GC heap before
{Heap before GC invocations=3056 (full 77):
 PSYoungGen      total 11776K, used 11749K [0x00000000eab00000, 0x00000000ec380000, 0x0000000100000000)
  eden space 10240K, 100% used [0x00000000eab00000,0x00000000eb500000,0x00000000eb500000)
  from space 1536K, 98% used [0x00000000ebb00000,0x00000000ebc796c8,0x00000000ebc80000)
  to   space 6144K, 0% used [0x00000000eb500000,0x00000000eb500000,0x00000000ebb00000)
 ParOldGen       total 340992K, used 330486K [0x00000000c0000000, 0x00000000d4d00000, 0x00000000eab00000)
  object space 340992K, 96% used [0x00000000c0000000,0x00000000d42bd830,0x00000000d4d00000)
 Metaspace       used 101849K, committed 103296K, reserved 1179648K
  class space    used 9919K, committed 10560K, reserved 1048576K
}
Event: 4985.609 GC heap after
{Heap after GC invocations=3056 (full 77):
 PSYoungGen      total 11776K, used 1152K [0x00000000eab00000, 0x00000000ebc80000, 0x0000000100000000)
  eden space 10240K, 0% used [0x00000000eab00000,0x00000000eab00000,0x00000000eb500000)
  from space 1536K, 75% used [0x00000000eb500000,0x00000000eb620000,0x00000000eb680000)
  to   space 3072K, 0% used [0x00000000eb980000,0x00000000eb980000,0x00000000ebc80000)
 ParOldGen       total 340992K, used 330678K [0x00000000c0000000, 0x00000000d4d00000, 0x00000000eab00000)
  object space 340992K, 96% used [0x00000000c0000000,0x00000000d42ed830,0x00000000d4d00000)
 Metaspace       used 101849K, committed 103296K, reserved 1179648K
  class space    used 9919K, committed 10560K, reserved 1048576K
}
Event: 4986.134 GC heap before
{Heap before GC invocations=3057 (full 77):
 PSYoungGen      total 11776K, used 11392K [0x00000000eab00000, 0x00000000ebc80000, 0x0000000100000000)
  eden space 10240K, 100% used [0x00000000eab00000,0x00000000eb500000,0x00000000eb500000)
  from space 1536K, 75% used [0x00000000eb500000,0x00000000eb620000,0x00000000eb680000)
  to   space 3072K, 0% used [0x00000000eb980000,0x00000000eb980000,0x00000000ebc80000)
 ParOldGen       total 340992K, used 330678K [0x00000000c0000000, 0x00000000d4d00000, 0x00000000eab00000)
  object space 340992K, 96% used [0x00000000c0000000,0x00000000d42ed830,0x00000000d4d00000)
 Metaspace       used 101849K, committed 103296K, reserved 1179648K
  class space    used 9919K, committed 10560K, reserved 1048576K
}
Event: 4986.145 GC heap after
{Heap after GC invocations=3057 (full 77):
 PSYoungGen      total 11264K, used 905K [0x00000000eab00000, 0x00000000eba80000, 0x0000000100000000)
  eden space 10240K, 0% used [0x00000000eab00000,0x00000000eab00000,0x00000000eb500000)
  from space 1024K, 88% used [0x00000000eb980000,0x00000000eba62400,0x00000000eba80000)
  to   space 1536K, 0% used [0x00000000eb780000,0x00000000eb780000,0x00000000eb900000)
 ParOldGen       total 340992K, used 331709K [0x00000000c0000000, 0x00000000d4d00000, 0x00000000eab00000)
  object space 340992K, 97% used [0x00000000c0000000,0x00000000d43ef5e8,0x00000000d4d00000)
 Metaspace       used 101849K, committed 103296K, reserved 1179648K
  class space    used 9919K, committed 10560K, reserved 1048576K
}
Event: 4986.168 GC heap before
{Heap before GC invocations=3058 (full 77):
 PSYoungGen      total 11264K, used 11144K [0x00000000eab00000, 0x00000000eba80000, 0x0000000100000000)
  eden space 10240K, 99% used [0x00000000eab00000,0x00000000eb4fffe8,0x00000000eb500000)
  from space 1024K, 88% used [0x00000000eb980000,0x00000000eba62400,0x00000000eba80000)
  to   space 1536K, 0% used [0x00000000eb780000,0x00000000eb780000,0x00000000eb900000)
 ParOldGen       total 340992K, used 331709K [0x00000000c0000000, 0x00000000d4d00000, 0x00000000eab00000)
  object space 340992K, 97% used [0x00000000c0000000,0x00000000d43ef5e8,0x00000000d4d00000)
 Metaspace       used 101849K, committed 103296K, reserved 1179648K
  class space    used 9919K, committed 10560K, reserved 1048576K
}
Event: 4986.174 GC heap after
{Heap after GC invocations=3058 (full 77):
 PSYoungGen      total 13312K, used 1161K [0x00000000eab00000, 0x00000000eba00000, 0x0000000100000000)
  eden space 11776K, 0% used [0x00000000eab00000,0x00000000eab00000,0x00000000eb680000)
  from space 1536K, 75% used [0x00000000eb780000,0x00000000eb8a2400,0x00000000eb900000)
  to   space 1024K, 0% used [0x00000000eb900000,0x00000000eb900000,0x00000000eba00000)
 ParOldGen       total 340992K, used 332597K [0x00000000c0000000, 0x00000000d4d00000, 0x00000000eab00000)
  object space 340992K, 97% used [0x00000000c0000000,0x00000000d44cd7e8,0x00000000d4d00000)
 Metaspace       used 101849K, committed 103296K, reserved 1179648K
  class space    used 9919K, committed 10560K, reserved 1048576K
}
Event: 4987.309 GC heap before
{Heap before GC invocations=3059 (full 77):
 PSYoungGen      total 13312K, used 12937K [0x00000000eab00000, 0x00000000eba00000, 0x0000000100000000)
  eden space 11776K, 100% used [0x00000000eab00000,0x00000000eb680000,0x00000000eb680000)
  from space 1536K, 75% used [0x00000000eb780000,0x00000000eb8a2400,0x00000000eb900000)
  to   space 1024K, 0% used [0x00000000eb900000,0x00000000eb900000,0x00000000eba00000)
 ParOldGen       total 340992K, used 332597K [0x00000000c0000000, 0x00000000d4d00000, 0x00000000eab00000)
  object space 340992K, 97% used [0x00000000c0000000,0x00000000d44cd7e8,0x00000000d4d00000)
 Metaspace       used 101849K, committed 103296K, reserved 1179648K
  class space    used 9919K, committed 10560K, reserved 1048576K
}
Event: 4987.313 GC heap after
{Heap after GC invocations=3059 (full 77):
 PSYoungGen      total 12288K, used 1001K [0x00000000eab00000, 0x00000000ebc80000, 0x0000000100000000)
  eden space 11264K, 0% used [0x00000000eab00000,0x00000000eab00000,0x00000000eb600000)
  from space 1024K, 97% used [0x00000000eb900000,0x00000000eb9fa400,0x00000000eba00000)
  to   space 3072K, 0% used [0x00000000eb600000,0x00000000eb600000,0x00000000eb900000)
 ParOldGen       total 340992K, used 333956K [0x00000000c0000000, 0x00000000d4d00000, 0x00000000eab00000)
  object space 340992K, 97% used [0x00000000c0000000,0x00000000d46211e8,0x00000000d4d00000)
 Metaspace       used 101849K, committed 103296K, reserved 1179648K
  class space    used 9919K, committed 10560K, reserved 1048576K
}
Event: 4987.345 GC heap before
{Heap before GC invocations=3060 (full 77):
 PSYoungGen      total 12288K, used 12265K [0x00000000eab00000, 0x00000000ebc80000, 0x0000000100000000)
  eden space 11264K, 100% used [0x00000000eab00000,0x00000000eb600000,0x00000000eb600000)
  from space 1024K, 97% used [0x00000000eb900000,0x00000000eb9fa400,0x00000000eba00000)
  to   space 3072K, 0% used [0x00000000eb600000,0x00000000eb600000,0x00000000eb900000)
 ParOldGen       total 340992K, used 333956K [0x00000000c0000000, 0x00000000d4d00000, 0x00000000eab00000)
  object space 340992K, 97% used [0x00000000c0000000,0x00000000d46211e8,0x00000000d4d00000)
 Metaspace       used 101850K, committed 103296K, reserved 1179648K
  class space    used 9919K, committed 10560K, reserved 1048576K
}
Event: 4987.350 GC heap after
{Heap after GC invocations=3060 (full 77):
 PSYoungGen      total 12800K, used 1225K [0x00000000eab00000, 0x00000000eba00000, 0x0000000100000000)
  eden space 11264K, 0% used [0x00000000eab00000,0x00000000eab00000,0x00000000eb600000)
  from space 1536K, 79% used [0x00000000eb600000,0x00000000eb732400,0x00000000eb780000)
  to   space 2048K, 0% used [0x00000000eb800000,0x00000000eb800000,0x00000000eba00000)
 ParOldGen       total 340992K, used 334956K [0x00000000c0000000, 0x00000000d4d00000, 0x00000000eab00000)
  object space 340992K, 98% used [0x00000000c0000000,0x00000000d471b3c8,0x00000000d4d00000)
 Metaspace       used 101850K, committed 103296K, reserved 1179648K
  class space    used 9919K, committed 10560K, reserved 1048576K
}
Event: 4987.468 GC heap before
{Heap before GC invocations=3061 (full 77):
 PSYoungGen      total 12800K, used 12489K [0x00000000eab00000, 0x00000000eba00000, 0x0000000100000000)
  eden space 11264K, 100% used [0x00000000eab00000,0x00000000eb600000,0x00000000eb600000)
  from space 1536K, 79% used [0x00000000eb600000,0x00000000eb732400,0x00000000eb780000)
  to   space 2048K, 0% used [0x00000000eb800000,0x00000000eb800000,0x00000000eba00000)
 ParOldGen       total 340992K, used 334956K [0x00000000c0000000, 0x00000000d4d00000, 0x00000000eab00000)
  object space 340992K, 98% used [0x00000000c0000000,0x00000000d471b3c8,0x00000000d4d00000)
 Metaspace       used 101850K, committed 103296K, reserved 1179648K
  class space    used 9919K, committed 10560K, reserved 1048576K
}
Event: 4987.474 GC heap after
{Heap after GC invocations=3061 (full 77):
 PSYoungGen      total 12800K, used 1129K [0x00000000eab00000, 0x00000000eb980000, 0x0000000100000000)
  eden space 11264K, 0% used [0x00000000eab00000,0x00000000eab00000,0x00000000eb600000)
  from space 1536K, 73% used [0x00000000eb800000,0x00000000eb91a400,0x00000000eb980000)
  to   space 1536K, 0% used [0x00000000eb600000,0x00000000eb600000,0x00000000eb780000)
 ParOldGen       total 340992K, used 336068K [0x00000000c0000000, 0x00000000d4d00000, 0x00000000eab00000)
  object space 340992K, 98% used [0x00000000c0000000,0x00000000d48313c8,0x00000000d4d00000)
 Metaspace       used 101850K, committed 103296K, reserved 1179648K
  class space    used 9919K, committed 10560K, reserved 1048576K
}
Event: 4987.519 GC heap before
{Heap before GC invocations=3062 (full 77):
 PSYoungGen      total 12800K, used 12392K [0x00000000eab00000, 0x00000000eb980000, 0x0000000100000000)
  eden space 11264K, 99% used [0x00000000eab00000,0x00000000eb5ffff8,0x00000000eb600000)
  from space 1536K, 73% used [0x00000000eb800000,0x00000000eb91a400,0x00000000eb980000)
  to   space 1536K, 0% used [0x00000000eb600000,0x00000000eb600000,0x00000000eb780000)
 ParOldGen       total 340992K, used 336068K [0x00000000c0000000, 0x00000000d4d00000, 0x00000000eab00000)
  object space 340992K, 98% used [0x00000000c0000000,0x00000000d48313c8,0x00000000d4d00000)
 Metaspace       used 101850K, committed 103296K, reserved 1179648K
  class space    used 9919K, committed 10560K, reserved 1048576K
}
Event: 4987.532 GC heap after
{Heap after GC invocations=3062 (full 77):
 PSYoungGen      total 12800K, used 1528K [0x00000000eab00000, 0x00000000ec880000, 0x0000000100000000)
  eden space 11264K, 0% used [0x00000000eab00000,0x00000000eab00000,0x00000000eb600000)
  from space 1536K, 99% used [0x00000000eb600000,0x00000000eb77e028,0x00000000eb780000)
  to   space 8704K, 0% used [0x00000000ec000000,0x00000000ec000000,0x00000000ec880000)
 ParOldGen       total 342528K, used 342103K [0x00000000c0000000, 0x00000000d4e80000, 0x00000000eab00000)
  object space 342528K, 99% used [0x00000000c0000000,0x00000000d4e15f60,0x00000000d4e80000)
 Metaspace       used 101850K, committed 103296K, reserved 1179648K
  class space    used 9919K, committed 10560K, reserved 1048576K
}
Event: 4987.532 GC heap before
{Heap before GC invocations=3063 (full 78):
 PSYoungGen      total 12800K, used 1528K [0x00000000eab00000, 0x00000000ec880000, 0x0000000100000000)
  eden space 11264K, 0% used [0x00000000eab00000,0x00000000eab00000,0x00000000eb600000)
  from space 1536K, 99% used [0x00000000eb600000,0x00000000eb77e028,0x00000000eb780000)
  to   space 8704K, 0% used [0x00000000ec000000,0x00000000ec000000,0x00000000ec880000)
 ParOldGen       total 342528K, used 342103K [0x00000000c0000000, 0x00000000d4e80000, 0x00000000eab00000)
  object space 342528K, 99% used [0x00000000c0000000,0x00000000d4e15f60,0x00000000d4e80000)
 Metaspace       used 101850K, committed 103296K, reserved 1179648K
  class space    used 9919K, committed 10560K, reserved 1048576K
}

