# JRE version: OpenJDK Runtime Environment Temurin-17.0.9+9 (17.0.9+9) (build 17.0.9+9)
# Java VM: OpenJDK 64-Bit Server VM Temurin-17.0.9+9 (17.0.9+9, mixed mode, tiered, compressed oops, compressed class ptrs, parallel gc, linux-amd64)
GC Precious Log:
 CPUs: 4 total, 4 available
 Memory: 7826M
 Large Page Support: Disabled
 NUMA Support: Disabled
 Compressed Oops: Enabled (32-bit)
 Alignments: Space 512K, Generation 512K, Heap 2M
 Heap Min Capacity: 100M
 Heap Initial Capacity: 100M
 Heap Max Capacity: 1G
 Pre-touch: Disabled
 Parallel Workers: 4
Heap:
 PSYoungGen      total 25600K, used 25417K [0x00000000eab00000, 0x00000000ed180000, 0x0000000100000000)
  eden space 23552K, 100% used [0x00000000eab00000,0x00000000ec200000,0x00000000ec200000)
  from space 2048K, 91% used [0x00000000ecf80000,0x00000000ed152440,0x00000000ed180000)
  to   space 5632K, 36% used [0x00000000ec680000,0x00000000ec888810,0x00000000ecc00000)
 ParOldGen       total 335360K, used 253252K [0x00000000c0000000, 0x00000000d4780000, 0x00000000eab00000)
  object space 335360K, 75% used [0x00000000c0000000,0x00000000cf7511b0,0x00000000d4780000)
 Metaspace       used 97523K, committed 98880K, reserved 1179648K
  class space    used 9691K, committed 10304K, reserved 1048576K
GC Heap History (20 events):
Event: 1857.492 GC heap after
{Heap after GC invocations=954 (full 27):
 PSYoungGen      total 31744K, used 7819K [0x00000000eab00000, 0x00000000ede00000, 0x0000000100000000)
  eden space 23552K, 0% used [0x00000000eab00000,0x00000000eab00000,0x00000000ec200000)
  from space 8192K, 95% used [0x00000000ec800000,0x00000000ecfa2df8,0x00000000ed000000)
  to   space 11264K, 0% used [0x00000000ed300000,0x00000000ed300000,0x00000000ede00000)
 ParOldGen       total 335360K, used 229922K [0x00000000c0000000, 0x00000000d4780000, 0x00000000eab00000)
  object space 335360K, 68% used [0x00000000c0000000,0x00000000ce088810,0x00000000d4780000)
 Metaspace       used 97491K, committed 98880K, reserved 1179648K
  class space    used 9690K, committed 10304K, reserved 1048576K
}
Event: 1857.587 GC heap before
{Heap before GC invocations=955 (full 27):
 PSYoungGen      total 31744K, used 31371K [0x00000000eab00000, 0x00000000ede00000, 0x0000000100000000)
  eden space 23552K, 100% used [0x00000000eab00000,0x00000000ec200000,0x00000000ec200000)
  from space 8192K, 95% used [0x00000000ec800000,0x00000000ecfa2df8,0x00000000ed000000)
  to   space 11264K, 0% used [0x00000000ed300000,0x00000000ed300000,0x00000000ede00000)
 ParOldGen       total 335360K, used 229922K [0x00000000c0000000, 0x00000000d4780000, 0x00000000eab00000)
  object space 335360K, 68% used [0x00000000c0000000,0x00000000ce088810,0x00000000d4780000)
 Metaspace       used 97497K, committed 98880K, reserved 1179648K
  class space    used 9690K, committed 10304K, reserved 1048576K
}
Event: 1857.593 GC heap after
{Heap after GC invocations=955 (full 27):
 PSYoungGen      total 24064K, used 511K [0x00000000eab00000, 0x00000000ed380000, 0x0000000100000000)
  eden space 23552K, 0% used [0x00000000eab00000,0x00000000eab00000,0x00000000ec200000)
  from space 512K, 99% used [0x00000000ed300000,0x00000000ed37fea0,0x00000000ed380000)
  to   space 4096K, 0% used [0x00000000ecb80000,0x00000000ecb80000,0x00000000ecf80000)
 ParOldGen       total 335360K, used 234157K [0x00000000c0000000, 0x00000000d4780000, 0x00000000eab00000)
  object space 335360K, 69% used [0x00000000c0000000,0x00000000ce4ab490,0x00000000d4780000)
 Metaspace       used 97497K, committed 98880K, reserved 1179648K
  class space    used 9690K, committed 10304K, reserved 1048576K
}
Event: 1857.685 GC heap before
{Heap before GC invocations=956 (full 27):
 PSYoungGen      total 24064K, used 24063K [0x00000000eab00000, 0x00000000ed380000, 0x0000000100000000)
  eden space 23552K, 100% used [0x00000000eab00000,0x00000000ec200000,0x00000000ec200000)
  from space 512K, 99% used [0x00000000ed300000,0x00000000ed37fea0,0x00000000ed380000)
  to   space 4096K, 0% used [0x00000000ecb80000,0x00000000ecb80000,0x00000000ecf80000)
 ParOldGen       total 335360K, used 234157K [0x00000000c0000000, 0x00000000d4780000, 0x00000000eab00000)
  object space 335360K, 69% used [0x00000000c0000000,0x00000000ce4ab490,0x00000000d4780000)
 Metaspace       used 97498K, committed 98880K, reserved 1179648K
  class space    used 9690K, committed 10304K, reserved 1048576K
}
Event: 1857.687 GC heap after
{Heap after GC invocations=956 (full 27):
 PSYoungGen      total 27648K, used 365K [0x00000000eab00000, 0x00000000ed380000, 0x0000000100000000)
  eden space 23552K, 0% used [0x00000000eab00000,0x00000000eab00000,0x00000000ec200000)
  from space 4096K, 8% used [0x00000000ecb80000,0x00000000ecbdb410,0x00000000ecf80000)
  to   space 1024K, 0% used [0x00000000ed280000,0x00000000ed280000,0x00000000ed380000)
 ParOldGen       total 335360K, used 234337K [0x00000000c0000000, 0x00000000d4780000, 0x00000000eab00000)
  object space 335360K, 69% used [0x00000000c0000000,0x00000000ce4d8408,0x00000000d4780000)
 Metaspace       used 97498K, committed 98880K, reserved 1179648K
  class space    used 9690K, committed 10304K, reserved 1048576K
}
Event: 1858.464 GC heap before
{Heap before GC invocations=957 (full 27):
 PSYoungGen      total 27648K, used 23917K [0x00000000eab00000, 0x00000000ed380000, 0x0000000100000000)
  eden space 23552K, 99% used [0x00000000eab00000,0x00000000ec1ffff8,0x00000000ec200000)
  from space 4096K, 8% used [0x00000000ecb80000,0x00000000ecbdb410,0x00000000ecf80000)
  to   space 1024K, 0% used [0x00000000ed280000,0x00000000ed280000,0x00000000ed380000)
 ParOldGen       total 335360K, used 234337K [0x00000000c0000000, 0x00000000d4780000, 0x00000000eab00000)
  object space 335360K, 69% used [0x00000000c0000000,0x00000000ce4d8408,0x00000000d4780000)
 Metaspace       used 97506K, committed 98880K, reserved 1179648K
  class space    used 9691K, committed 10304K, reserved 1048576K
}
Event: 1858.468 GC heap after
{Heap after GC invocations=957 (full 27):
 PSYoungGen      total 24576K, used 1001K [0x00000000eab00000, 0x00000000ed380000, 0x0000000100000000)
  eden space 23552K, 0% used [0x00000000eab00000,0x00000000eab00000,0x00000000ec200000)
  from space 1024K, 97% used [0x00000000ed280000,0x00000000ed37a400,0x00000000ed380000)
  to   space 1536K, 0% used [0x00000000ed080000,0x00000000ed080000,0x00000000ed200000)
 ParOldGen       total 335360K, used 234554K [0x00000000c0000000, 0x00000000d4780000, 0x00000000eab00000)
  object space 335360K, 69% used [0x00000000c0000000,0x00000000ce50e818,0x00000000d4780000)
 Metaspace       used 97506K, committed 98880K, reserved 1179648K
  class space    used 9691K, committed 10304K, reserved 1048576K
}
Event: 1858.875 GC heap before
{Heap before GC invocations=958 (full 27):
 PSYoungGen      total 24576K, used 24553K [0x00000000eab00000, 0x00000000ed380000, 0x0000000100000000)
  eden space 23552K, 100% used [0x00000000eab00000,0x00000000ec200000,0x00000000ec200000)
  from space 1024K, 97% used [0x00000000ed280000,0x00000000ed37a400,0x00000000ed380000)
  to   space 1536K, 0% used [0x00000000ed080000,0x00000000ed080000,0x00000000ed200000)
 ParOldGen       total 335360K, used 234554K [0x00000000c0000000, 0x00000000d4780000, 0x00000000eab00000)
  object space 335360K, 69% used [0x00000000c0000000,0x00000000ce50e818,0x00000000d4780000)
 Metaspace       used 97519K, committed 98880K, reserved 1179648K
  class space    used 9691K, committed 10304K, reserved 1048576K
}
Event: 1858.880 GC heap after
{Heap after GC invocations=958 (full 27):
 PSYoungGen      total 24576K, used 937K [0x00000000eab00000, 0x00000000ed300000, 0x0000000100000000)
  eden space 23552K, 0% used [0x00000000eab00000,0x00000000eab00000,0x00000000ec200000)
  from space 1024K, 91% used [0x00000000ed080000,0x00000000ed16a400,0x00000000ed180000)
  to   space 1536K, 0% used [0x00000000ed180000,0x00000000ed180000,0x00000000ed300000)
 ParOldGen       total 335360K, used 235539K [0x00000000c0000000, 0x00000000d4780000, 0x00000000eab00000)
  object space 335360K, 70% used [0x00000000c0000000,0x00000000ce604d88,0x00000000d4780000)
 Metaspace       used 97519K, committed 98880K, reserved 1179648K
  class space    used 9691K, committed 10304K, reserved 1048576K
}
Event: 1858.981 GC heap before
{Heap before GC invocations=959 (full 27):
 PSYoungGen      total 24576K, used 24489K [0x00000000eab00000, 0x00000000ed300000, 0x0000000100000000)
  eden space 23552K, 100% used [0x00000000eab00000,0x00000000ec200000,0x00000000ec200000)
  from space 1024K, 91% used [0x00000000ed080000,0x00000000ed16a400,0x00000000ed180000)
  to   space 1536K, 0% used [0x00000000ed180000,0x00000000ed180000,0x00000000ed300000)
 ParOldGen       total 335360K, used 235539K [0x00000000c0000000, 0x00000000d4780000, 0x00000000eab00000)
  object space 335360K, 70% used [0x00000000c0000000,0x00000000ce604d88,0x00000000d4780000)
 Metaspace       used 97519K, committed 98880K, reserved 1179648K
  class space    used 9691K, committed 10304K, reserved 1048576K
}
Event: 1858.985 GC heap after
{Heap after GC invocations=959 (full 27):
 PSYoungGen      total 24576K, used 841K [0x00000000eab00000, 0x00000000ed280000, 0x0000000100000000)
  eden space 23552K, 0% used [0x00000000eab00000,0x00000000eab00000,0x00000000ec200000)
  from space 1024K, 82% used [0x00000000ed180000,0x00000000ed252400,0x00000000ed280000)
  to   space 1024K, 0% used [0x00000000ed080000,0x00000000ed080000,0x00000000ed180000)
 ParOldGen       total 335360K, used 235539K [0x00000000c0000000, 0x00000000d4780000, 0x00000000eab00000)
  object space 335360K, 70% used [0x00000000c0000000,0x00000000ce604d88,0x00000000d4780000)
 Metaspace       used 97519K, committed 98880K, reserved 1179648K
  class space    used 9691K, committed 10304K, reserved 1048576K
}
Event: 1859.051 GC heap before
{Heap before GC invocations=960 (full 27):
 PSYoungGen      total 24576K, used 24393K [0x00000000eab00000, 0x00000000ed280000, 0x0000000100000000)
  eden space 23552K, 100% used [0x00000000eab00000,0x00000000ec200000,0x00000000ec200000)
  from space 1024K, 82% used [0x00000000ed180000,0x00000000ed252400,0x00000000ed280000)
  to   space 1024K, 0% used [0x00000000ed080000,0x00000000ed080000,0x00000000ed180000)
 ParOldGen       total 335360K, used 235539K [0x00000000c0000000, 0x00000000d4780000, 0x00000000eab00000)
  object space 335360K, 70% used [0x00000000c0000000,0x00000000ce604d88,0x00000000d4780000)
 Metaspace       used 97519K, committed 98880K, reserved 1179648K
  class space    used 9691K, committed 10304K, reserved 1048576K
}
Event: 1859.057 GC heap after
{Heap after GC invocations=960 (full 27):
 PSYoungGen      total 24576K, used 1001K [0x00000000eab00000, 0x00000000ed200000, 0x0000000100000000)
  eden space 23552K, 0% used [0x00000000eab00000,0x00000000eab00000,0x00000000ec200000)
  from space 1024K, 97% used [0x00000000ed080000,0x00000000ed17a420,0x00000000ed180000)
  to   space 512K, 0% used [0x00000000ed180000,0x00000000ed180000,0x00000000ed200000)
 ParOldGen       total 335360K, used 237035K [0x00000000c0000000, 0x00000000d4780000, 0x00000000eab00000)
  object space 335360K, 70% used [0x00000000c0000000,0x00000000ce77ae28,0x00000000d4780000)
 Metaspace       used 97519K, committed 98880K, reserved 1179648K
  class space    used 9691K, committed 10304K, reserved 1048576K
}
Event: 1859.129 GC heap before
{Heap before GC invocations=961 (full 27):
 PSYoungGen      total 24576K, used 24233K [0x00000000eab00000, 0x00000000ed200000, 0x0000000100000000)
  eden space 23552K, 98% used [0x00000000eab00000,0x00000000ec1b0368,0x00000000ec200000)
  from space 1024K, 97% used [0x00000000ed080000,0x00000000ed17a420,0x00000000ed180000)
  to   space 512K, 0% used [0x00000000ed180000,0x00000000ed180000,0x00000000ed200000)
 ParOldGen       total 335360K, used 237035K [0x00000000c0000000, 0x00000000d4780000, 0x00000000eab00000)
  object space 335360K, 70% used [0x00000000c0000000,0x00000000ce77ae28,0x00000000d4780000)
 Metaspace       used 97519K, committed 98880K, reserved 1179648K
  class space    used 9691K, committed 10304K, reserved 1048576K
}
Event: 1859.135 GC heap after
{Heap after GC invocations=961 (full 27):
 PSYoungGen      total 24064K, used 512K [0x00000000eab00000, 0x00000000ed200000, 0x0000000100000000)
  eden space 23552K, 0% used [0x00000000eab00000,0x00000000eab00000,0x00000000ec200000)
  from space 512K, 100% used [0x00000000ed180000,0x00000000ed200000,0x00000000ed200000)
  to   space 3584K, 0% used [0x00000000ecb00000,0x00000000ecb00000,0x00000000ece80000)
 ParOldGen       total 335360K, used 239752K [0x00000000c0000000, 0x00000000d4780000, 0x00000000eab00000)
  object space 335360K, 71% used [0x00000000c0000000,0x00000000cea22108,0x00000000d4780000)
 Metaspace       used 97519K, committed 98880K, reserved 1179648K
  class space    used 9691K, committed 10304K, reserved 1048576K
}
Event: 1859.199 GC heap before
{Heap before GC invocations=962 (full 27):
 PSYoungGen      total 24064K, used 24064K [0x00000000eab00000, 0x00000000ed200000, 0x0000000100000000)
  eden space 23552K, 100% used [0x00000000eab00000,0x00000000ec200000,0x00000000ec200000)
  from space 512K, 100% used [0x00000000ed180000,0x00000000ed200000,0x00000000ed200000)
  to   space 3584K, 0% used [0x00000000ecb00000,0x00000000ecb00000,0x00000000ece80000)
 ParOldGen       total 335360K, used 239752K [0x00000000c0000000, 0x00000000d4780000, 0x00000000eab00000)
  object space 335360K, 71% used [0x00000000c0000000,0x00000000cea22108,0x00000000d4780000)
 Metaspace       used 97519K, committed 98880K, reserved 1179648K
  class space    used 9691K, committed 10304K, reserved 1048576K
}
Event: 1859.222 GC heap after
{Heap after GC invocations=962 (full 27):
 PSYoungGen      total 27136K, used 3563K [0x00000000eab00000, 0x00000000edd00000, 0x0000000100000000)
  eden space 23552K, 0% used [0x00000000eab00000,0x00000000eab00000,0x00000000ec200000)
  from space 3584K, 99% used [0x00000000ecb00000,0x00000000ece7afc8,0x00000000ece80000)
  to   space 13824K, 0% used [0x00000000ecf80000,0x00000000ecf80000,0x00000000edd00000)
 ParOldGen       total 335360K, used 248264K [0x00000000c0000000, 0x00000000d4780000, 0x00000000eab00000)
  object space 335360K, 74% used [0x00000000c0000000,0x00000000cf272108,0x00000000d4780000)
 Metaspace       used 97519K, committed 98880K, reserved 1179648K
  class space    used 9691K, committed 10304K, reserved 1048576K
}
Event: 1859.296 GC heap before
{Heap before GC invocations=963 (full 27):
 PSYoungGen      total 27136K, used 27115K [0x00000000eab00000, 0x00000000edd00000, 0x0000000100000000)
  eden space 23552K, 100% used [0x00000000eab00000,0x00000000ec200000,0x00000000ec200000)
  from space 3584K, 99% used [0x00000000ecb00000,0x00000000ece7afc8,0x00000000ece80000)
  to   space 13824K, 0% used [0x00000000ecf80000,0x00000000ecf80000,0x00000000edd00000)
 ParOldGen       total 335360K, used 248264K [0x00000000c0000000, 0x00000000d4780000, 0x00000000eab00000)
  object space 335360K, 74% used [0x00000000c0000000,0x00000000cf272108,0x00000000d4780000)
 Metaspace       used 97520K, committed 98880K, reserved 1179648K
  class space    used 9691K, committed 10304K, reserved 1048576K
}
Event: 1859.307 GC heap after
{Heap after GC invocations=963 (full 27):
 PSYoungGen      total 25600K, used 1865K [0x00000000eab00000, 0x00000000ed180000, 0x0000000100000000)
  eden space 23552K, 0% used [0x00000000eab00000,0x00000000eab00000,0x00000000ec200000)
  from space 2048K, 91% used [0x00000000ecf80000,0x00000000ed152440,0x00000000ed180000)
  to   space 5632K, 0% used [0x00000000ec680000,0x00000000ec680000,0x00000000ecc00000)
 ParOldGen       total 335360K, used 251796K [0x00000000c0000000, 0x00000000d4780000, 0x00000000eab00000)
  object space 335360K, 75% used [0x00000000c0000000,0x00000000cf5e5110,0x00000000d4780000)
 Metaspace       used 97520K, committed 98880K, reserved 1179648K
  class space    used 9691K, committed 10304K, reserved 1048576K
}
Event: 1860.233 GC heap before
{Heap before GC invocations=964 (full 27):
 PSYoungGen      total 25600K, used 25417K [0x00000000eab00000, 0x00000000ed180000, 0x0000000100000000)
  eden space 23552K, 100% used [0x00000000eab00000,0x00000000ec200000,0x00000000ec200000)
  from space 2048K, 91% used [0x00000000ecf80000,0x00000000ed152440,0x00000000ed180000)
  to   space 5632K, 0% used [0x00000000ec680000,0x00000000ec680000,0x00000000ecc00000)
 ParOldGen       total 335360K, used 251796K [0x00000000c0000000, 0x00000000d4780000, 0x00000000eab00000)
  object space 335360K, 75% used [0x00000000c0000000,0x00000000cf5e5110,0x00000000d4780000)
 Metaspace       used 97523K, committed 98880K, reserved 1179648K
  class space    used 9691K, committed 10304K, reserved 1048576K
}

