# JRE version: OpenJDK Runtime Environment Temurin-17.0.9+9 (17.0.9+9) (build 17.0.9+9)
# Java VM: OpenJDK 64-Bit Server VM Temurin-17.0.9+9 (17.0.9+9, mixed mode, tiered, compressed oops, compressed class ptrs, parallel gc, linux-amd64)
GC Precious Log:
 CPUs: 4 total, 4 available
 Memory: 7826M
 Large Page Support: Disabled
 NUMA Support: Disabled
 Compressed Oops: Enabled (32-bit)
 Alignments: Space 512K, Generation 512K, Heap 2M
 Heap Min Capacity: 100M
 Heap Initial Capacity: 100M
 Heap Max Capacity: 1G
 Pre-touch: Disabled
 Parallel Workers: 4
Heap:
 PSYoungGen      total 17408K, used 1014K [0x00000000eab00000, 0x00000000ed900000, 0x0000000100000000)
  eden space 16384K, 0% used [0x00000000eab00000,0x00000000eab00000,0x00000000ebb00000)
  from space 1024K, 99% used [0x00000000ebd00000,0x00000000ebdfdaa0,0x00000000ebe00000)
  to   space 15360K, 0% used [0x00000000eca00000,0x00000000eca00000,0x00000000ed900000)
 ParOldGen       total 313856K, used 301100K [0x00000000c0000000, 0x00000000d3280000, 0x00000000eab00000)
  object space 313856K, 95% used [0x00000000c0000000,0x00000000d260b248,0x00000000d3280000)
 Metaspace       used 92021K, committed 93376K, reserved 1179648K
  class space    used 9283K, committed 9856K, reserved 1048576K
GC Heap History (20 events):
Event: 8680.120 GC heap after
{Heap after GC invocations=357 (full 17):
 PSYoungGen      total 5120K, used 512K [0x00000000eab00000, 0x00000000eb780000, 0x0000000100000000)
  eden space 4608K, 0% used [0x00000000eab00000,0x00000000eab00000,0x00000000eaf80000)
  from space 512K, 100% used [0x00000000eb700000,0x00000000eb780000,0x00000000eb780000)
  to   space 2048K, 0% used [0x00000000eb380000,0x00000000eb380000,0x00000000eb580000)
 ParOldGen       total 313856K, used 272711K [0x00000000c0000000, 0x00000000d3280000, 0x00000000eab00000)
  object space 313856K, 86% used [0x00000000c0000000,0x00000000d0a51d38,0x00000000d3280000)
 Metaspace       used 92006K, committed 93376K, reserved 1179648K
  class space    used 9283K, committed 9856K, reserved 1048576K
}
Event: 8680.132 GC heap before
{Heap before GC invocations=358 (full 17):
 PSYoungGen      total 5120K, used 5120K [0x00000000eab00000, 0x00000000eb780000, 0x0000000100000000)
  eden space 4608K, 100% used [0x00000000eab00000,0x00000000eaf80000,0x00000000eaf80000)
  from space 512K, 100% used [0x00000000eb700000,0x00000000eb780000,0x00000000eb780000)
  to   space 2048K, 0% used [0x00000000eb380000,0x00000000eb380000,0x00000000eb580000)
 ParOldGen       total 313856K, used 272711K [0x00000000c0000000, 0x00000000d3280000, 0x00000000eab00000)
  object space 313856K, 86% used [0x00000000c0000000,0x00000000d0a51d38,0x00000000d3280000)
 Metaspace       used 92006K, committed 93376K, reserved 1179648K
  class space    used 9283K, committed 9856K, reserved 1048576K
}
Event: 8680.136 GC heap after
{Heap after GC invocations=358 (full 17):
 PSYoungGen      total 7680K, used 288K [0x00000000eab00000, 0x00000000eb780000, 0x0000000100000000)
  eden space 5632K, 0% used [0x00000000eab00000,0x00000000eab00000,0x00000000eb080000)
  from space 2048K, 14% used [0x00000000eb380000,0x00000000eb3c8000,0x00000000eb580000)
  to   space 1024K, 0% used [0x00000000eb680000,0x00000000eb680000,0x00000000eb780000)
 ParOldGen       total 313856K, used 273163K [0x00000000c0000000, 0x00000000d3280000, 0x00000000eab00000)
  object space 313856K, 87% used [0x00000000c0000000,0x00000000d0ac2d48,0x00000000d3280000)
 Metaspace       used 92006K, committed 93376K, reserved 1179648K
  class space    used 9283K, committed 9856K, reserved 1048576K
}
Event: 8680.152 GC heap before
{Heap before GC invocations=359 (full 17):
 PSYoungGen      total 7680K, used 5920K [0x00000000eab00000, 0x00000000eb780000, 0x0000000100000000)
  eden space 5632K, 100% used [0x00000000eab00000,0x00000000eb080000,0x00000000eb080000)
  from space 2048K, 14% used [0x00000000eb380000,0x00000000eb3c8000,0x00000000eb580000)
  to   space 1024K, 0% used [0x00000000eb680000,0x00000000eb680000,0x00000000eb780000)
 ParOldGen       total 313856K, used 273163K [0x00000000c0000000, 0x00000000d3280000, 0x00000000eab00000)
  object space 313856K, 87% used [0x00000000c0000000,0x00000000d0ac2d48,0x00000000d3280000)
 Metaspace       used 92006K, committed 93376K, reserved 1179648K
  class space    used 9283K, committed 9856K, reserved 1048576K
}
Event: 8680.155 GC heap after
{Heap after GC invocations=359 (full 17):
 PSYoungGen      total 7680K, used 329K [0x00000000eab00000, 0x00000000eb700000, 0x0000000100000000)
  eden space 7168K, 0% used [0x00000000eab00000,0x00000000eab00000,0x00000000eb200000)
  from space 512K, 64% used [0x00000000eb680000,0x00000000eb6d2400,0x00000000eb700000)
  to   space 512K, 0% used [0x00000000eb600000,0x00000000eb600000,0x00000000eb680000)
 ParOldGen       total 313856K, used 273383K [0x00000000c0000000, 0x00000000d3280000, 0x00000000eab00000)
  object space 313856K, 87% used [0x00000000c0000000,0x00000000d0af9d58,0x00000000d3280000)
 Metaspace       used 92006K, committed 93376K, reserved 1179648K
  class space    used 9283K, committed 9856K, reserved 1048576K
}
Event: 8680.175 GC heap before
{Heap before GC invocations=360 (full 17):
 PSYoungGen      total 7680K, used 7497K [0x00000000eab00000, 0x00000000eb700000, 0x0000000100000000)
  eden space 7168K, 100% used [0x00000000eab00000,0x00000000eb200000,0x00000000eb200000)
  from space 512K, 64% used [0x00000000eb680000,0x00000000eb6d2400,0x00000000eb700000)
  to   space 512K, 0% used [0x00000000eb600000,0x00000000eb600000,0x00000000eb680000)
 ParOldGen       total 313856K, used 273383K [0x00000000c0000000, 0x00000000d3280000, 0x00000000eab00000)
  object space 313856K, 87% used [0x00000000c0000000,0x00000000d0af9d58,0x00000000d3280000)
 Metaspace       used 92006K, committed 93376K, reserved 1179648K
  class space    used 9283K, committed 9856K, reserved 1048576K
}
Event: 8680.179 GC heap after
{Heap after GC invocations=360 (full 17):
 PSYoungGen      total 9216K, used 496K [0x00000000eab00000, 0x00000000eb700000, 0x0000000100000000)
  eden space 8704K, 0% used [0x00000000eab00000,0x00000000eab00000,0x00000000eb380000)
  from space 512K, 96% used [0x00000000eb600000,0x00000000eb67c010,0x00000000eb680000)
  to   space 512K, 0% used [0x00000000eb680000,0x00000000eb680000,0x00000000eb700000)
 ParOldGen       total 313856K, used 273774K [0x00000000c0000000, 0x00000000d3280000, 0x00000000eab00000)
  object space 313856K, 87% used [0x00000000c0000000,0x00000000d0b5bb50,0x00000000d3280000)
 Metaspace       used 92006K, committed 93376K, reserved 1179648K
  class space    used 9283K, committed 9856K, reserved 1048576K
}
Event: 8680.214 GC heap before
{Heap before GC invocations=361 (full 17):
 PSYoungGen      total 9216K, used 9200K [0x00000000eab00000, 0x00000000eb700000, 0x0000000100000000)
  eden space 8704K, 100% used [0x00000000eab00000,0x00000000eb380000,0x00000000eb380000)
  from space 512K, 96% used [0x00000000eb600000,0x00000000eb67c010,0x00000000eb680000)
  to   space 512K, 0% used [0x00000000eb680000,0x00000000eb680000,0x00000000eb700000)
 ParOldGen       total 313856K, used 273774K [0x00000000c0000000, 0x00000000d3280000, 0x00000000eab00000)
  object space 313856K, 87% used [0x00000000c0000000,0x00000000d0b5bb50,0x00000000d3280000)
 Metaspace       used 92007K, committed 93376K, reserved 1179648K
  class space    used 9283K, committed 9856K, reserved 1048576K
}
Event: 8680.220 GC heap after
{Heap after GC invocations=361 (full 17):
 PSYoungGen      total 9216K, used 489K [0x00000000eab00000, 0x00000000ebb00000, 0x0000000100000000)
  eden space 8704K, 0% used [0x00000000eab00000,0x00000000eab00000,0x00000000eb380000)
  from space 512K, 95% used [0x00000000eb680000,0x00000000eb6fa400,0x00000000eb700000)
  to   space 3072K, 0% used [0x00000000eb380000,0x00000000eb380000,0x00000000eb680000)
 ParOldGen       total 313856K, used 275978K [0x00000000c0000000, 0x00000000d3280000, 0x00000000eab00000)
  object space 313856K, 87% used [0x00000000c0000000,0x00000000d0d82af0,0x00000000d3280000)
 Metaspace       used 92007K, committed 93376K, reserved 1179648K
  class space    used 9283K, committed 9856K, reserved 1048576K
}
Event: 8680.252 GC heap before
{Heap before GC invocations=362 (full 17):
 PSYoungGen      total 9216K, used 9193K [0x00000000eab00000, 0x00000000ebb00000, 0x0000000100000000)
  eden space 8704K, 100% used [0x00000000eab00000,0x00000000eb380000,0x00000000eb380000)
  from space 512K, 95% used [0x00000000eb680000,0x00000000eb6fa400,0x00000000eb700000)
  to   space 3072K, 0% used [0x00000000eb380000,0x00000000eb380000,0x00000000eb680000)
 ParOldGen       total 313856K, used 275978K [0x00000000c0000000, 0x00000000d3280000, 0x00000000eab00000)
  object space 313856K, 87% used [0x00000000c0000000,0x00000000d0d82af0,0x00000000d3280000)
 Metaspace       used 92007K, committed 93376K, reserved 1179648K
  class space    used 9283K, committed 9856K, reserved 1048576K
}
Event: 8680.269 GC heap after
{Heap after GC invocations=362 (full 17):
 PSYoungGen      total 11776K, used 3072K [0x00000000eab00000, 0x00000000eca00000, 0x0000000100000000)
  eden space 8704K, 0% used [0x00000000eab00000,0x00000000eab00000,0x00000000eb380000)
  from space 3072K, 100% used [0x00000000eb380000,0x00000000eb680000,0x00000000eb680000)
  to   space 10752K, 0% used [0x00000000ebf80000,0x00000000ebf80000,0x00000000eca00000)
 ParOldGen       total 313856K, used 282139K [0x00000000c0000000, 0x00000000d3280000, 0x00000000eab00000)
  object space 313856K, 89% used [0x00000000c0000000,0x00000000d1386f10,0x00000000d3280000)
 Metaspace       used 92007K, committed 93376K, reserved 1179648K
  class space    used 9283K, committed 9856K, reserved 1048576K
}
Event: 8680.300 GC heap before
{Heap before GC invocations=363 (full 17):
 PSYoungGen      total 11776K, used 11776K [0x00000000eab00000, 0x00000000eca00000, 0x0000000100000000)
  eden space 8704K, 100% used [0x00000000eab00000,0x00000000eb380000,0x00000000eb380000)
  from space 3072K, 100% used [0x00000000eb380000,0x00000000eb680000,0x00000000eb680000)
  to   space 10752K, 0% used [0x00000000ebf80000,0x00000000ebf80000,0x00000000eca00000)
 ParOldGen       total 313856K, used 282139K [0x00000000c0000000, 0x00000000d3280000, 0x00000000eab00000)
  object space 313856K, 89% used [0x00000000c0000000,0x00000000d1386f10,0x00000000d3280000)
 Metaspace       used 92012K, committed 93376K, reserved 1179648K
  class space    used 9283K, committed 9856K, reserved 1048576K
}
Event: 8680.310 GC heap after
{Heap after GC invocations=363 (full 17):
 PSYoungGen      total 13824K, used 3113K [0x00000000eab00000, 0x00000000ec300000, 0x0000000100000000)
  eden space 10240K, 0% used [0x00000000eab00000,0x00000000eab00000,0x00000000eb500000)
  from space 3584K, 86% used [0x00000000ebf80000,0x00000000ec28a400,0x00000000ec300000)
  to   space 5632K, 0% used [0x00000000eb800000,0x00000000eb800000,0x00000000ebd80000)
 ParOldGen       total 313856K, used 285243K [0x00000000c0000000, 0x00000000d3280000, 0x00000000eab00000)
  object space 313856K, 90% used [0x00000000c0000000,0x00000000d168ef10,0x00000000d3280000)
 Metaspace       used 92012K, committed 93376K, reserved 1179648K
  class space    used 9283K, committed 9856K, reserved 1048576K
}
Event: 8680.337 GC heap before
{Heap before GC invocations=364 (full 17):
 PSYoungGen      total 13824K, used 13353K [0x00000000eab00000, 0x00000000ec300000, 0x0000000100000000)
  eden space 10240K, 100% used [0x00000000eab00000,0x00000000eb500000,0x00000000eb500000)
  from space 3584K, 86% used [0x00000000ebf80000,0x00000000ec28a400,0x00000000ec300000)
  to   space 5632K, 0% used [0x00000000eb800000,0x00000000eb800000,0x00000000ebd80000)
 ParOldGen       total 313856K, used 285243K [0x00000000c0000000, 0x00000000d3280000, 0x00000000eab00000)
  object space 313856K, 90% used [0x00000000c0000000,0x00000000d168ef10,0x00000000d3280000)
 Metaspace       used 92012K, committed 93376K, reserved 1179648K
  class space    used 9283K, committed 9856K, reserved 1048576K
}
Event: 8680.344 GC heap after
{Heap after GC invocations=364 (full 17):
 PSYoungGen      total 17408K, used 761K [0x00000000eab00000, 0x00000000ec000000, 0x0000000100000000)
  eden space 11776K, 0% used [0x00000000eab00000,0x00000000eab00000,0x00000000eb680000)
  from space 5632K, 13% used [0x00000000eb800000,0x00000000eb8be410,0x00000000ebd80000)
  to   space 2048K, 0% used [0x00000000ebe00000,0x00000000ebe00000,0x00000000ec000000)
 ParOldGen       total 313856K, used 288268K [0x00000000c0000000, 0x00000000d3280000, 0x00000000eab00000)
  object space 313856K, 91% used [0x00000000c0000000,0x00000000d1983330,0x00000000d3280000)
 Metaspace       used 92012K, committed 93376K, reserved 1179648K
  class space    used 9283K, committed 9856K, reserved 1048576K
}
Event: 8680.785 GC heap before
{Heap before GC invocations=365 (full 17):
 PSYoungGen      total 17408K, used 12537K [0x00000000eab00000, 0x00000000ec000000, 0x0000000100000000)
  eden space 11776K, 100% used [0x00000000eab00000,0x00000000eb680000,0x00000000eb680000)
  from space 5632K, 13% used [0x00000000eb800000,0x00000000eb8be410,0x00000000ebd80000)
  to   space 2048K, 0% used [0x00000000ebe00000,0x00000000ebe00000,0x00000000ec000000)
 ParOldGen       total 313856K, used 288268K [0x00000000c0000000, 0x00000000d3280000, 0x00000000eab00000)
  object space 313856K, 91% used [0x00000000c0000000,0x00000000d1983330,0x00000000d3280000)
 Metaspace       used 92016K, committed 93376K, reserved 1179648K
  class space    used 9283K, committed 9856K, reserved 1048576K
}
Event: 8680.793 GC heap after
{Heap after GC invocations=365 (full 17):
 PSYoungGen      total 14848K, used 768K [0x00000000eab00000, 0x00000000ebf00000, 0x0000000100000000)
  eden space 13824K, 0% used [0x00000000eab00000,0x00000000eab00000,0x00000000eb880000)
  from space 1024K, 75% used [0x00000000ebe00000,0x00000000ebec0000,0x00000000ebf00000)
  to   space 1024K, 0% used [0x00000000ebd00000,0x00000000ebd00000,0x00000000ebe00000)
 ParOldGen       total 313856K, used 288972K [0x00000000c0000000, 0x00000000d3280000, 0x00000000eab00000)
  object space 313856K, 92% used [0x00000000c0000000,0x00000000d1a33148,0x00000000d3280000)
 Metaspace       used 92016K, committed 93376K, reserved 1179648K
  class space    used 9283K, committed 9856K, reserved 1048576K
}
Event: 8680.831 GC heap before
{Heap before GC invocations=366 (full 17):
 PSYoungGen      total 14848K, used 14592K [0x00000000eab00000, 0x00000000ebf00000, 0x0000000100000000)
  eden space 13824K, 100% used [0x00000000eab00000,0x00000000eb880000,0x00000000eb880000)
  from space 1024K, 75% used [0x00000000ebe00000,0x00000000ebec0000,0x00000000ebf00000)
  to   space 1024K, 0% used [0x00000000ebd00000,0x00000000ebd00000,0x00000000ebe00000)
 ParOldGen       total 313856K, used 288972K [0x00000000c0000000, 0x00000000d3280000, 0x00000000eab00000)
  object space 313856K, 92% used [0x00000000c0000000,0x00000000d1a33148,0x00000000d3280000)
 Metaspace       used 92021K, committed 93376K, reserved 1179648K
  class space    used 9283K, committed 9856K, reserved 1048576K
}
Event: 8680.846 GC heap after
{Heap after GC invocations=366 (full 17):
 PSYoungGen      total 17408K, used 1014K [0x00000000eab00000, 0x00000000ed900000, 0x0000000100000000)
  eden space 16384K, 0% used [0x00000000eab00000,0x00000000eab00000,0x00000000ebb00000)
  from space 1024K, 99% used [0x00000000ebd00000,0x00000000ebdfdaa0,0x00000000ebe00000)
  to   space 15360K, 0% used [0x00000000eca00000,0x00000000eca00000,0x00000000ed900000)
 ParOldGen       total 313856K, used 301100K [0x00000000c0000000, 0x00000000d3280000, 0x00000000eab00000)
  object space 313856K, 95% used [0x00000000c0000000,0x00000000d260b248,0x00000000d3280000)
 Metaspace       used 92021K, committed 93376K, reserved 1179648K
  class space    used 9283K, committed 9856K, reserved 1048576K
}
Event: 8680.846 GC heap before
{Heap before GC invocations=367 (full 18):
 PSYoungGen      total 17408K, used 1014K [0x00000000eab00000, 0x00000000ed900000, 0x0000000100000000)
  eden space 16384K, 0% used [0x00000000eab00000,0x00000000eab00000,0x00000000ebb00000)
  from space 1024K, 99% used [0x00000000ebd00000,0x00000000ebdfdaa0,0x00000000ebe00000)
  to   space 15360K, 0% used [0x00000000eca00000,0x00000000eca00000,0x00000000ed900000)
 ParOldGen       total 313856K, used 301100K [0x00000000c0000000, 0x00000000d3280000, 0x00000000eab00000)
  object space 313856K, 95% used [0x00000000c0000000,0x00000000d260b248,0x00000000d3280000)
 Metaspace       used 92021K, committed 93376K, reserved 1179648K
  class space    used 9283K, committed 9856K, reserved 1048576K
}

