# JRE version: OpenJDK Runtime Environment (11.0.20.1+1) (build 11.0.20.1+1-post-Ubuntu-0ubuntu120.04)
# Java VM: OpenJDK 64-Bit Server VM (11.0.20.1+1-post-Ubuntu-0ubuntu120.04, mixed mode, sharing, tiered, compressed oops, g1 gc, linux-amd64)
Heap:
 garbage-first heap   total 240640K, used 148688K [0x0000000085a00000, 0x0000000100000000)
  region size 1024K, 87 young (89088K), 10 survivors (10240K)
 Metaspace       used 15079K, capacity 15971K, committed 16128K, reserved 1062912K
  class space    used 1670K, capacity 2015K, committed 2048K, reserved 1048576K
GC Heap History (19 events):
Event: 0.804 GC heap before
{Heap before GC invocations=0 (full 0):
 garbage-first heap   total 129024K, used 16080K [0x0000000085a00000, 0x0000000100000000)
  region size 1024K, 14 young (14336K), 0 survivors (0K)
 Metaspace       used 1292K, capacity 4860K, committed 5120K, reserved 1056768K
  class space    used 112K, capacity 453K, committed 512K, reserved 1048576K
}
Event: 0.826 GC heap after
{Heap after GC invocations=1 (full 0):
 garbage-first heap   total 129024K, used 7355K [0x0000000085a00000, 0x0000000100000000)
  region size 1024K, 2 young (2048K), 2 survivors (2048K)
 Metaspace       used 1292K, capacity 4860K, committed 5120K, reserved 1056768K
  class space    used 112K, capacity 453K, committed 512K, reserved 1048576K
}
Event: 0.986 GC heap before
{Heap before GC invocations=1 (full 0):
 garbage-first heap   total 129024K, used 14523K [0x0000000085a00000, 0x0000000100000000)
  region size 1024K, 9 young (9216K), 2 survivors (2048K)
 Metaspace       used 1347K, capacity 4860K, committed 5120K, reserved 1056768K
  class space    used 112K, capacity 453K, committed 512K, reserved 1048576K
}
Event: 0.998 GC heap after
{Heap after GC invocations=2 (full 0):
 garbage-first heap   total 129024K, used 13621K [0x0000000085a00000, 0x0000000100000000)
  region size 1024K, 2 young (2048K), 2 survivors (2048K)
 Metaspace       used 1347K, capacity 4860K, committed 5120K, reserved 1056768K
  class space    used 112K, capacity 453K, committed 512K, reserved 1048576K
}
Event: 1.326 GC heap before
{Heap before GC invocations=2 (full 0):
 garbage-first heap   total 129024K, used 28981K [0x0000000085a00000, 0x0000000100000000)
  region size 1024K, 18 young (18432K), 2 survivors (2048K)
 Metaspace       used 2864K, capacity 5705K, committed 5760K, reserved 1056768K
  class space    used 296K, capacity 587K, committed 640K, reserved 1048576K
}
Event: 1.331 GC heap after
{Heap after GC invocations=3 (full 0):
 garbage-first heap   total 129024K, used 19152K [0x0000000085a00000, 0x0000000100000000)
  region size 1024K, 3 young (3072K), 3 survivors (3072K)
 Metaspace       used 2864K, capacity 5705K, committed 5760K, reserved 1056768K
  class space    used 296K, capacity 587K, committed 640K, reserved 1048576K
}
Event: 1.867 GC heap before
{Heap before GC invocations=3 (full 0):
 garbage-first heap   total 129024K, used 43728K [0x0000000085a00000, 0x0000000100000000)
  region size 1024K, 28 young (28672K), 3 survivors (3072K)
 Metaspace       used 5923K, capacity 7778K, committed 7936K, reserved 1056768K
  class space    used 709K, capacity 990K, committed 1024K, reserved 1048576K
}
Event: 1.877 GC heap after
{Heap after GC invocations=4 (full 0):
 garbage-first heap   total 129024K, used 20193K [0x0000000085a00000, 0x0000000100000000)
  region size 1024K, 1 young (1024K), 1 survivors (1024K)
 Metaspace       used 5923K, capacity 7778K, committed 7936K, reserved 1056768K
  class space    used 709K, capacity 990K, committed 1024K, reserved 1048576K
}
Event: 2.603 GC heap before
{Heap before GC invocations=4 (full 0):
 garbage-first heap   total 129024K, used 60129K [0x0000000085a00000, 0x0000000100000000)
  region size 1024K, 40 young (40960K), 1 survivors (1024K)
 Metaspace       used 10883K, capacity 11658K, committed 11904K, reserved 1058816K
  class space    used 1319K, capacity 1647K, committed 1664K, reserved 1048576K
}
Event: 2.611 GC heap after
{Heap after GC invocations=5 (full 0):
 garbage-first heap   total 168960K, used 21966K [0x0000000085a00000, 0x0000000100000000)
  region size 1024K, 3 young (3072K), 3 survivors (3072K)
 Metaspace       used 10883K, capacity 11658K, committed 11904K, reserved 1058816K
  class space    used 1319K, capacity 1647K, committed 1664K, reserved 1048576K
}
Event: 3.381 GC heap before
{Heap before GC invocations=5 (full 0):
 garbage-first heap   total 168960K, used 82382K [0x0000000085a00000, 0x0000000100000000)
  region size 1024K, 62 young (63488K), 3 survivors (3072K)
 Metaspace       used 13848K, capacity 14656K, committed 14848K, reserved 1062912K
  class space    used 1644K, capacity 1966K, committed 2048K, reserved 1048576K
}
Event: 3.397 GC heap after
{Heap after GC invocations=6 (full 0):
 garbage-first heap   total 168960K, used 29239K [0x0000000085a00000, 0x0000000100000000)
  region size 1024K, 8 young (8192K), 8 survivors (8192K)
 Metaspace       used 13848K, capacity 14656K, committed 14848K, reserved 1062912K
  class space    used 1644K, capacity 1966K, committed 2048K, reserved 1048576K
}
Event: 3.934 GC heap before
{Heap before GC invocations=6 (full 0):
 garbage-first heap   total 168960K, used 102967K [0x0000000085a00000, 0x0000000100000000)
  region size 1024K, 80 young (81920K), 8 survivors (8192K)
 Metaspace       used 14216K, capacity 15009K, committed 15360K, reserved 1062912K
  class space    used 1648K, capacity 1974K, committed 2048K, reserved 1048576K
}
Event: 3.965 GC heap after
{Heap after GC invocations=7 (full 0):
 garbage-first heap   total 168960K, used 42036K [0x0000000085a00000, 0x0000000100000000)
  region size 1024K, 10 young (10240K), 10 survivors (10240K)
 Metaspace       used 14216K, capacity 15009K, committed 15360K, reserved 1062912K
  class space    used 1648K, capacity 1974K, committed 2048K, reserved 1048576K
}
Event: 4.282 GC heap before
{Heap before GC invocations=7 (full 0):
 garbage-first heap   total 168960K, used 113716K [0x0000000085a00000, 0x0000000100000000)
  region size 1024K, 80 young (81920K), 10 survivors (10240K)
 Metaspace       used 14406K, capacity 15267K, committed 15616K, reserved 1062912K
  class space    used 1651K, capacity 1974K, committed 2048K, reserved 1048576K
}
Event: 4.316 GC heap after
{Heap after GC invocations=8 (full 0):
 garbage-first heap   total 168960K, used 59495K [0x0000000085a00000, 0x0000000100000000)
  region size 1024K, 10 young (10240K), 10 survivors (10240K)
 Metaspace       used 14406K, capacity 15267K, committed 15616K, reserved 1062912K
  class space    used 1651K, capacity 1974K, committed 2048K, reserved 1048576K
}
Event: 4.659 GC heap before
{Heap before GC invocations=8 (full 0):
 garbage-first heap   total 168960K, used 118887K [0x0000000085a00000, 0x0000000100000000)
  region size 1024K, 68 young (69632K), 10 survivors (10240K)
 Metaspace       used 14654K, capacity 15410K, committed 15616K, reserved 1062912K
  class space    used 1655K, capacity 1979K, committed 2048K, reserved 1048576K
}
Event: 4.690 GC heap after
{Heap after GC invocations=9 (full 0):
 garbage-first heap   total 240640K, used 69840K [0x0000000085a00000, 0x0000000100000000)
  region size 1024K, 9 young (9216K), 9 survivors (9216K)
 Metaspace       used 14654K, capacity 15410K, committed 15616K, reserved 1062912K
  class space    used 1655K, capacity 1979K, committed 2048K, reserved 1048576K
}
Event: 5.112 GC heap before
{Heap before GC invocations=9 (full 0):
 garbage-first heap   total 240640K, used 148688K [0x0000000085a00000, 0x0000000100000000)
  region size 1024K, 86 young (88064K), 9 survivors (9216K)
 Metaspace       used 15079K, capacity 15971K, committed 16128K, reserved 1062912K
  class space    used 1670K, capacity 2015K, committed 2048K, reserved 1048576K
}

