# JRE version: OpenJDK Runtime Environment Temurin-17.0.9+9 (17.0.9+9) (build 17.0.9+9)
# Java VM: OpenJDK 64-Bit Server VM Temurin-17.0.9+9 (17.0.9+9, mixed mode, tiered, compressed oops, compressed class ptrs, parallel gc, linux-amd64)
GC Precious Log:
 CPUs: 4 total, 4 available
 Memory: 7826M
 Large Page Support: Disabled
 NUMA Support: Disabled
 Compressed Oops: Enabled (32-bit)
 Alignments: Space 512K, Generation 512K, Heap 2M
 Heap Min Capacity: 100M
 Heap Initial Capacity: 100M
 Heap Max Capacity: 1G
 Pre-touch: Disabled
 Parallel Workers: 4
Heap:
 PSYoungGen      total 155648K, used 51847K [0x00000000eab00000, 0x00000000f8a00000, 0x0000000100000000)
  eden space 103424K, 0% used [0x00000000eab00000,0x00000000eab00000,0x00000000f1000000)
  from space 52224K, 99% used [0x00000000f1000000,0x00000000f42a1e10,0x00000000f4300000)
  to   space 57856K, 0% used [0x00000000f5180000,0x00000000f5180000,0x00000000f8a00000)
 ParOldGen       total 292864K, used 284943K [0x00000000c0000000, 0x00000000d1e00000, 0x00000000eab00000)
  object space 292864K, 97% used [0x00000000c0000000,0x00000000d1643f30,0x00000000d1e00000)
 Metaspace       used 76702K, committed 78016K, reserved 1179648K
  class space    used 7988K, committed 8576K, reserved 1048576K
GC Heap History (20 events):
Event: 32.177 GC heap after
{Heap after GC invocations=113 (full 8):
 PSYoungGen      total 101376K, used 11993K [0x00000000eab00000, 0x00000000f2000000, 0x0000000100000000)
  eden space 89088K, 0% used [0x00000000eab00000,0x00000000eab00000,0x00000000f0200000)
  from space 12288K, 97% used [0x00000000f1400000,0x00000000f1fb6498,0x00000000f2000000)
  to   space 13312K, 0% used [0x00000000f0600000,0x00000000f0600000,0x00000000f1300000)
 ParOldGen       total 292864K, used 191774K [0x00000000c0000000, 0x00000000d1e00000, 0x00000000eab00000)
  object space 292864K, 65% used [0x00000000c0000000,0x00000000cbb47ab0,0x00000000d1e00000)
 Metaspace       used 74628K, committed 75904K, reserved 1179648K
  class space    used 7805K, committed 8384K, reserved 1048576K
}
Event: 32.549 GC heap before
{Heap before GC invocations=114 (full 8):
 PSYoungGen      total 101376K, used 101081K [0x00000000eab00000, 0x00000000f2000000, 0x0000000100000000)
  eden space 89088K, 100% used [0x00000000eab00000,0x00000000f0200000,0x00000000f0200000)
  from space 12288K, 97% used [0x00000000f1400000,0x00000000f1fb6498,0x00000000f2000000)
  to   space 13312K, 0% used [0x00000000f0600000,0x00000000f0600000,0x00000000f1300000)
 ParOldGen       total 292864K, used 191774K [0x00000000c0000000, 0x00000000d1e00000, 0x00000000eab00000)
  object space 292864K, 65% used [0x00000000c0000000,0x00000000cbb47ab0,0x00000000d1e00000)
 Metaspace       used 74727K, committed 76096K, reserved 1179648K
  class space    used 7805K, committed 8384K, reserved 1048576K
}
Event: 32.594 GC heap after
{Heap after GC invocations=114 (full 8):
 PSYoungGen      total 106496K, used 13286K [0x00000000eab00000, 0x00000000f4580000, 0x0000000100000000)
  eden space 93184K, 0% used [0x00000000eab00000,0x00000000eab00000,0x00000000f0600000)
  from space 13312K, 99% used [0x00000000f0600000,0x00000000f12f9bd8,0x00000000f1300000)
  to   space 31232K, 0% used [0x00000000f2700000,0x00000000f2700000,0x00000000f4580000)
 ParOldGen       total 292864K, used 206632K [0x00000000c0000000, 0x00000000d1e00000, 0x00000000eab00000)
  object space 292864K, 70% used [0x00000000c0000000,0x00000000cc9ca1d0,0x00000000d1e00000)
 Metaspace       used 74727K, committed 76096K, reserved 1179648K
  class space    used 7805K, committed 8384K, reserved 1048576K
}
Event: 33.096 GC heap before
{Heap before GC invocations=115 (full 8):
 PSYoungGen      total 106496K, used 106470K [0x00000000eab00000, 0x00000000f4580000, 0x0000000100000000)
  eden space 93184K, 100% used [0x00000000eab00000,0x00000000f0600000,0x00000000f0600000)
  from space 13312K, 99% used [0x00000000f0600000,0x00000000f12f9bd8,0x00000000f1300000)
  to   space 31232K, 0% used [0x00000000f2700000,0x00000000f2700000,0x00000000f4580000)
 ParOldGen       total 292864K, used 206799K [0x00000000c0000000, 0x00000000d1e00000, 0x00000000eab00000)
  object space 292864K, 70% used [0x00000000c0000000,0x00000000cc9f3c58,0x00000000d1e00000)
 Metaspace       used 74833K, committed 76160K, reserved 1179648K
  class space    used 7806K, committed 8384K, reserved 1048576K
}
Event: 33.132 GC heap after
{Heap after GC invocations=115 (full 8):
 PSYoungGen      total 120320K, used 24267K [0x00000000eab00000, 0x00000000f3f00000, 0x0000000100000000)
  eden space 95744K, 0% used [0x00000000eab00000,0x00000000eab00000,0x00000000f0880000)
  from space 24576K, 98% used [0x00000000f2700000,0x00000000f3eb2e18,0x00000000f3f00000)
  to   space 25600K, 0% used [0x00000000f0d00000,0x00000000f0d00000,0x00000000f2600000)
 ParOldGen       total 292864K, used 206799K [0x00000000c0000000, 0x00000000d1e00000, 0x00000000eab00000)
  object space 292864K, 70% used [0x00000000c0000000,0x00000000cc9f3c58,0x00000000d1e00000)
 Metaspace       used 74833K, committed 76160K, reserved 1179648K
  class space    used 7806K, committed 8384K, reserved 1048576K
}
Event: 33.441 GC heap before
{Heap before GC invocations=116 (full 8):
 PSYoungGen      total 120320K, used 120011K [0x00000000eab00000, 0x00000000f3f00000, 0x0000000100000000)
  eden space 95744K, 100% used [0x00000000eab00000,0x00000000f0880000,0x00000000f0880000)
  from space 24576K, 98% used [0x00000000f2700000,0x00000000f3eb2e18,0x00000000f3f00000)
  to   space 25600K, 0% used [0x00000000f0d00000,0x00000000f0d00000,0x00000000f2600000)
 ParOldGen       total 292864K, used 206801K [0x00000000c0000000, 0x00000000d1e00000, 0x00000000eab00000)
  object space 292864K, 70% used [0x00000000c0000000,0x00000000cc9f46b8,0x00000000d1e00000)
 Metaspace       used 74918K, committed 76224K, reserved 1179648K
  class space    used 7806K, committed 8384K, reserved 1048576K
}
Event: 33.491 GC heap after
{Heap after GC invocations=116 (full 8):
 PSYoungGen      total 125952K, used 25585K [0x00000000eab00000, 0x00000000f4d00000, 0x0000000100000000)
  eden space 100352K, 0% used [0x00000000eab00000,0x00000000eab00000,0x00000000f0d00000)
  from space 25600K, 99% used [0x00000000f0d00000,0x00000000f25fc7c8,0x00000000f2600000)
  to   space 31232K, 0% used [0x00000000f2e80000,0x00000000f2e80000,0x00000000f4d00000)
 ParOldGen       total 292864K, used 211052K [0x00000000c0000000, 0x00000000d1e00000, 0x00000000eab00000)
  object space 292864K, 72% used [0x00000000c0000000,0x00000000cce1b2f0,0x00000000d1e00000)
 Metaspace       used 74918K, committed 76224K, reserved 1179648K
  class space    used 7806K, committed 8384K, reserved 1048576K
}
Event: 34.447 GC heap before
{Heap before GC invocations=117 (full 8):
 PSYoungGen      total 125952K, used 125937K [0x00000000eab00000, 0x00000000f4d00000, 0x0000000100000000)
  eden space 100352K, 100% used [0x00000000eab00000,0x00000000f0d00000,0x00000000f0d00000)
  from space 25600K, 99% used [0x00000000f0d00000,0x00000000f25fc7c8,0x00000000f2600000)
  to   space 31232K, 0% used [0x00000000f2e80000,0x00000000f2e80000,0x00000000f4d00000)
 ParOldGen       total 292864K, used 211052K [0x00000000c0000000, 0x00000000d1e00000, 0x00000000eab00000)
  object space 292864K, 72% used [0x00000000c0000000,0x00000000cce1b2f0,0x00000000d1e00000)
 Metaspace       used 75267K, committed 76608K, reserved 1179648K
  class space    used 7835K, committed 8448K, reserved 1048576K
}
Event: 34.511 GC heap after
{Heap after GC invocations=117 (full 8):
 PSYoungGen      total 136704K, used 28159K [0x00000000eab00000, 0x00000000f4d80000, 0x0000000100000000)
  eden space 105472K, 0% used [0x00000000eab00000,0x00000000eab00000,0x00000000f1200000)
  from space 31232K, 90% used [0x00000000f2e80000,0x00000000f49fff70,0x00000000f4d00000)
  to   space 29184K, 0% used [0x00000000f1200000,0x00000000f1200000,0x00000000f2e80000)
 ParOldGen       total 292864K, used 218397K [0x00000000c0000000, 0x00000000d1e00000, 0x00000000eab00000)
  object space 292864K, 74% used [0x00000000c0000000,0x00000000cd5477a0,0x00000000d1e00000)
 Metaspace       used 75267K, committed 76608K, reserved 1179648K
  class space    used 7835K, committed 8448K, reserved 1048576K
}
Event: 35.207 GC heap before
{Heap before GC invocations=118 (full 8):
 PSYoungGen      total 136704K, used 133631K [0x00000000eab00000, 0x00000000f4d80000, 0x0000000100000000)
  eden space 105472K, 100% used [0x00000000eab00000,0x00000000f1200000,0x00000000f1200000)
  from space 31232K, 90% used [0x00000000f2e80000,0x00000000f49fff70,0x00000000f4d00000)
  to   space 29184K, 0% used [0x00000000f1200000,0x00000000f1200000,0x00000000f2e80000)
 ParOldGen       total 292864K, used 218397K [0x00000000c0000000, 0x00000000d1e00000, 0x00000000eab00000)
  object space 292864K, 74% used [0x00000000c0000000,0x00000000cd5477a0,0x00000000d1e00000)
 Metaspace       used 75338K, committed 76672K, reserved 1179648K
  class space    used 7836K, committed 8448K, reserved 1048576K
}
Event: 35.277 GC heap after
{Heap after GC invocations=118 (full 8):
 PSYoungGen      total 134656K, used 29173K [0x00000000eab00000, 0x00000000f7300000, 0x0000000100000000)
  eden space 105472K, 0% used [0x00000000eab00000,0x00000000eab00000,0x00000000f1200000)
  from space 29184K, 99% used [0x00000000f1200000,0x00000000f2e7d728,0x00000000f2e80000)
  to   space 45568K, 0% used [0x00000000f4680000,0x00000000f4680000,0x00000000f7300000)
 ParOldGen       total 292864K, used 231853K [0x00000000c0000000, 0x00000000d1e00000, 0x00000000eab00000)
  object space 292864K, 79% used [0x00000000c0000000,0x00000000ce26b6d8,0x00000000d1e00000)
 Metaspace       used 75338K, committed 76672K, reserved 1179648K
  class space    used 7836K, committed 8448K, reserved 1048576K
}
Event: 36.045 GC heap before
{Heap before GC invocations=119 (full 8):
 PSYoungGen      total 134656K, used 134645K [0x00000000eab00000, 0x00000000f7300000, 0x0000000100000000)
  eden space 105472K, 100% used [0x00000000eab00000,0x00000000f1200000,0x00000000f1200000)
  from space 29184K, 99% used [0x00000000f1200000,0x00000000f2e7d728,0x00000000f2e80000)
  to   space 45568K, 0% used [0x00000000f4680000,0x00000000f4680000,0x00000000f7300000)
 ParOldGen       total 292864K, used 231853K [0x00000000c0000000, 0x00000000d1e00000, 0x00000000eab00000)
  object space 292864K, 79% used [0x00000000c0000000,0x00000000ce26b6d8,0x00000000d1e00000)
 Metaspace       used 75534K, committed 76864K, reserved 1179648K
  class space    used 7837K, committed 8448K, reserved 1048576K
}
Event: 36.189 GC heap after
{Heap after GC invocations=119 (full 8):
 PSYoungGen      total 155648K, used 40642K [0x00000000eab00000, 0x00000000f6e80000, 0x0000000100000000)
  eden space 114688K, 0% used [0x00000000eab00000,0x00000000eab00000,0x00000000f1b00000)
  from space 40960K, 99% used [0x00000000f4680000,0x00000000f6e30b20,0x00000000f6e80000)
  to   space 41472K, 0% used [0x00000000f1d80000,0x00000000f1d80000,0x00000000f4600000)
 ParOldGen       total 292864K, used 237554K [0x00000000c0000000, 0x00000000d1e00000, 0x00000000eab00000)
  object space 292864K, 81% used [0x00000000c0000000,0x00000000ce7fc840,0x00000000d1e00000)
 Metaspace       used 75534K, committed 76864K, reserved 1179648K
  class space    used 7837K, committed 8448K, reserved 1048576K
}
Event: 37.228 GC heap before
{Heap before GC invocations=120 (full 8):
 PSYoungGen      total 155648K, used 155330K [0x00000000eab00000, 0x00000000f6e80000, 0x0000000100000000)
  eden space 114688K, 100% used [0x00000000eab00000,0x00000000f1b00000,0x00000000f1b00000)
  from space 40960K, 99% used [0x00000000f4680000,0x00000000f6e30b20,0x00000000f6e80000)
  to   space 41472K, 0% used [0x00000000f1d80000,0x00000000f1d80000,0x00000000f4600000)
 ParOldGen       total 292864K, used 237554K [0x00000000c0000000, 0x00000000d1e00000, 0x00000000eab00000)
  object space 292864K, 81% used [0x00000000c0000000,0x00000000ce7fc840,0x00000000d1e00000)
 Metaspace       used 76325K, committed 77568K, reserved 1179648K
  class space    used 7970K, committed 8512K, reserved 1048576K
}
Event: 37.302 GC heap after
{Heap after GC invocations=120 (full 8):
 PSYoungGen      total 158720K, used 41455K [0x00000000eab00000, 0x00000000f8900000, 0x0000000100000000)
  eden space 117248K, 0% used [0x00000000eab00000,0x00000000eab00000,0x00000000f1d80000)
  from space 41472K, 99% used [0x00000000f1d80000,0x00000000f45fbf38,0x00000000f4600000)
  to   space 51712K, 0% used [0x00000000f5680000,0x00000000f5680000,0x00000000f8900000)
 ParOldGen       total 292864K, used 245899K [0x00000000c0000000, 0x00000000d1e00000, 0x00000000eab00000)
  object space 292864K, 83% used [0x00000000c0000000,0x00000000cf022df8,0x00000000d1e00000)
 Metaspace       used 76325K, committed 77568K, reserved 1179648K
  class space    used 7970K, committed 8512K, reserved 1048576K
}
Event: 38.071 GC heap before
{Heap before GC invocations=121 (full 8):
 PSYoungGen      total 158720K, used 158703K [0x00000000eab00000, 0x00000000f8900000, 0x0000000100000000)
  eden space 117248K, 100% used [0x00000000eab00000,0x00000000f1d80000,0x00000000f1d80000)
  from space 41472K, 99% used [0x00000000f1d80000,0x00000000f45fbf38,0x00000000f4600000)
  to   space 51712K, 0% used [0x00000000f5680000,0x00000000f5680000,0x00000000f8900000)
 ParOldGen       total 292864K, used 245899K [0x00000000c0000000, 0x00000000d1e00000, 0x00000000eab00000)
  object space 292864K, 83% used [0x00000000c0000000,0x00000000cf022df8,0x00000000d1e00000)
 Metaspace       used 76601K, committed 77824K, reserved 1179648K
  class space    used 7979K, committed 8512K, reserved 1048576K
}
Event: 38.166 GC heap after
{Heap after GC invocations=121 (full 8):
 PSYoungGen      total 155136K, used 51709K [0x00000000eab00000, 0x00000000fb400000, 0x0000000100000000)
  eden space 103424K, 0% used [0x00000000eab00000,0x00000000eab00000,0x00000000f1000000)
  from space 51712K, 99% used [0x00000000f5680000,0x00000000f88ff7d8,0x00000000f8900000)
  to   space 72192K, 0% used [0x00000000f1000000,0x00000000f1000000,0x00000000f5680000)
 ParOldGen       total 292864K, used 262701K [0x00000000c0000000, 0x00000000d1e00000, 0x00000000eab00000)
  object space 292864K, 89% used [0x00000000c0000000,0x00000000d008b440,0x00000000d1e00000)
 Metaspace       used 76601K, committed 77824K, reserved 1179648K
  class space    used 7979K, committed 8512K, reserved 1048576K
}
Event: 38.718 GC heap before
{Heap before GC invocations=122 (full 8):
 PSYoungGen      total 155136K, used 155133K [0x00000000eab00000, 0x00000000fb400000, 0x0000000100000000)
  eden space 103424K, 100% used [0x00000000eab00000,0x00000000f1000000,0x00000000f1000000)
  from space 51712K, 99% used [0x00000000f5680000,0x00000000f88ff7d8,0x00000000f8900000)
  to   space 72192K, 0% used [0x00000000f1000000,0x00000000f1000000,0x00000000f5680000)
 ParOldGen       total 292864K, used 262701K [0x00000000c0000000, 0x00000000d1e00000, 0x00000000eab00000)
  object space 292864K, 89% used [0x00000000c0000000,0x00000000d008b440,0x00000000d1e00000)
 Metaspace       used 76702K, committed 78016K, reserved 1179648K
  class space    used 7988K, committed 8576K, reserved 1048576K
}
Event: 38.802 GC heap after
{Heap after GC invocations=122 (full 8):
 PSYoungGen      total 155648K, used 51847K [0x00000000eab00000, 0x00000000f8a00000, 0x0000000100000000)
  eden space 103424K, 0% used [0x00000000eab00000,0x00000000eab00000,0x00000000f1000000)
  from space 52224K, 99% used [0x00000000f1000000,0x00000000f42a1e10,0x00000000f4300000)
  to   space 57856K, 0% used [0x00000000f5180000,0x00000000f5180000,0x00000000f8a00000)
 ParOldGen       total 292864K, used 284943K [0x00000000c0000000, 0x00000000d1e00000, 0x00000000eab00000)
  object space 292864K, 97% used [0x00000000c0000000,0x00000000d1643f30,0x00000000d1e00000)
 Metaspace       used 76702K, committed 78016K, reserved 1179648K
  class space    used 7988K, committed 8576K, reserved 1048576K
}
Event: 38.802 GC heap before
{Heap before GC invocations=123 (full 9):
 PSYoungGen      total 155648K, used 51847K [0x00000000eab00000, 0x00000000f8a00000, 0x0000000100000000)
  eden space 103424K, 0% used [0x00000000eab00000,0x00000000eab00000,0x00000000f1000000)
  from space 52224K, 99% used [0x00000000f1000000,0x00000000f42a1e10,0x00000000f4300000)
  to   space 57856K, 0% used [0x00000000f5180000,0x00000000f5180000,0x00000000f8a00000)
 ParOldGen       total 292864K, used 284943K [0x00000000c0000000, 0x00000000d1e00000, 0x00000000eab00000)
  object space 292864K, 97% used [0x00000000c0000000,0x00000000d1643f30,0x00000000d1e00000)
 Metaspace       used 76702K, committed 78016K, reserved 1179648K
  class space    used 7988K, committed 8576K, reserved 1048576K
}

