# JRE version: OpenJDK Runtime Environment (11.0.20.1+1) (build 11.0.20.1+1-post-Ubuntu-0ubuntu120.04)
# Java VM: OpenJDK 64-Bit Server VM (11.0.20.1+1-post-Ubuntu-0ubuntu120.04, mixed mode, sharing, tiered, compressed oops, g1 gc, linux-amd64)
Heap:
 garbage-first heap   total 500736K, used 173264K [0x0000000085a00000, 0x0000000100000000)
  region size 1024K, 12 young (12288K), 2 survivors (2048K)
 Metaspace       used 20608K, capacity 21313K, committed 21504K, reserved 1069056K
  class space    used 2258K, capacity 2503K, committed 2560K, reserved 1048576K
GC Heap History (20 events):
Event: 8.401 GC heap after
{Heap after GC invocations=9 (full 0):
 garbage-first heap   total 219136K, used 62672K [0x0000000085a00000, 0x0000000100000000)
  region size 1024K, 9 young (9216K), 9 survivors (9216K)
 Metaspace       used 19880K, capacity 20473K, committed 20608K, reserved 1067008K
  class space    used 2170K, capacity 2413K, committed 2432K, reserved 1048576K
}
Event: 8.880 GC heap before
{Heap before GC invocations=9 (full 0):
 garbage-first heap   total 219136K, used 81104K [0x0000000085a00000, 0x0000000100000000)
  region size 1024K, 25 young (25600K), 9 survivors (9216K)
 Metaspace       used 20546K, capacity 21179K, committed 21248K, reserved 1069056K
  class space    used 2257K, capacity 2502K, committed 2560K, reserved 1048576K
}
Event: 8.898 GC heap after
{Heap after GC invocations=10 (full 0):
 garbage-first heap   total 219136K, used 69384K [0x0000000085a00000, 0x0000000100000000)
  region size 1024K, 5 young (5120K), 5 survivors (5120K)
 Metaspace       used 20546K, capacity 21179K, committed 21248K, reserved 1069056K
  class space    used 2257K, capacity 2502K, committed 2560K, reserved 1048576K
}
Event: 9.748 GC heap before
{Heap before GC invocations=11 (full 0):
 garbage-first heap   total 219136K, used 147208K [0x0000000085a00000, 0x0000000100000000)
  region size 1024K, 81 young (82944K), 5 survivors (5120K)
 Metaspace       used 20572K, capacity 21245K, committed 21504K, reserved 1069056K
  class space    used 2257K, capacity 2502K, committed 2560K, reserved 1048576K
}
Event: 9.829 GC heap after
{Heap after GC invocations=12 (full 0):
 garbage-first heap   total 219136K, used 81092K [0x0000000085a00000, 0x0000000100000000)
  region size 1024K, 11 young (11264K), 11 survivors (11264K)
 Metaspace       used 20572K, capacity 21245K, committed 21504K, reserved 1069056K
  class space    used 2257K, capacity 2502K, committed 2560K, reserved 1048576K
}
Event: 10.591 GC heap before
{Heap before GC invocations=12 (full 0):
 garbage-first heap   total 219136K, used 151748K [0x0000000085a00000, 0x0000000100000000)
  region size 1024K, 77 young (78848K), 11 survivors (11264K)
 Metaspace       used 20577K, capacity 21245K, committed 21504K, reserved 1069056K
  class space    used 2257K, capacity 2502K, committed 2560K, reserved 1048576K
}
Event: 10.625 GC heap after
{Heap after GC invocations=13 (full 0):
 garbage-first heap   total 219136K, used 92442K [0x0000000085a00000, 0x0000000100000000)
  region size 1024K, 10 young (10240K), 10 survivors (10240K)
 Metaspace       used 20577K, capacity 21245K, committed 21504K, reserved 1069056K
  class space    used 2257K, capacity 2502K, committed 2560K, reserved 1048576K
}
Event: 11.706 GC heap before
{Heap before GC invocations=13 (full 0):
 garbage-first heap   total 219136K, used 162074K [0x0000000085a00000, 0x0000000100000000)
  region size 1024K, 77 young (78848K), 10 survivors (10240K)
 Metaspace       used 20577K, capacity 21245K, committed 21504K, reserved 1069056K
  class space    used 2257K, capacity 2502K, committed 2560K, reserved 1048576K
}
Event: 11.767 GC heap after
{Heap after GC invocations=14 (full 0):
 garbage-first heap   total 310272K, used 106992K [0x0000000085a00000, 0x0000000100000000)
  region size 1024K, 10 young (10240K), 10 survivors (10240K)
 Metaspace       used 20577K, capacity 21245K, committed 21504K, reserved 1069056K
  class space    used 2257K, capacity 2502K, committed 2560K, reserved 1048576K
}
Event: 12.277 GC heap before
{Heap before GC invocations=14 (full 0):
 garbage-first heap   total 310272K, used 169456K [0x0000000085a00000, 0x0000000100000000)
  region size 1024K, 69 young (70656K), 10 survivors (10240K)
 Metaspace       used 20577K, capacity 21245K, committed 21504K, reserved 1069056K
  class space    used 2257K, capacity 2502K, committed 2560K, reserved 1048576K
}
Event: 12.319 GC heap after
{Heap after GC invocations=15 (full 0):
 garbage-first heap   total 310272K, used 122576K [0x0000000085a00000, 0x0000000100000000)
  region size 1024K, 9 young (9216K), 9 survivors (9216K)
 Metaspace       used 20577K, capacity 21245K, committed 21504K, reserved 1069056K
  class space    used 2257K, capacity 2502K, committed 2560K, reserved 1048576K
}
Event: 12.831 GC heap before
{Heap before GC invocations=15 (full 0):
 garbage-first heap   total 310272K, used 207568K [0x0000000085a00000, 0x0000000100000000)
  region size 1024K, 92 young (94208K), 9 survivors (9216K)
 Metaspace       used 20594K, capacity 21249K, committed 21504K, reserved 1069056K
  class space    used 2258K, capacity 2503K, committed 2560K, reserved 1048576K
}
Event: 12.897 GC heap after
{Heap after GC invocations=16 (full 0):
 garbage-first heap   total 310272K, used 135807K [0x0000000085a00000, 0x0000000100000000)
  region size 1024K, 12 young (12288K), 12 survivors (12288K)
 Metaspace       used 20594K, capacity 21249K, committed 21504K, reserved 1069056K
  class space    used 2258K, capacity 2503K, committed 2560K, reserved 1048576K
}
Event: 13.686 GC heap before
{Heap before GC invocations=16 (full 0):
 garbage-first heap   total 310272K, used 231039K [0x0000000085a00000, 0x0000000100000000)
  region size 1024K, 93 young (95232K), 12 survivors (12288K)
 Metaspace       used 20602K, capacity 21249K, committed 21504K, reserved 1069056K
  class space    used 2258K, capacity 2503K, committed 2560K, reserved 1048576K
}
Event: 13.735 GC heap after
{Heap after GC invocations=17 (full 0):
 garbage-first heap   total 310272K, used 160973K [0x0000000085a00000, 0x0000000100000000)
  region size 1024K, 12 young (12288K), 12 survivors (12288K)
 Metaspace       used 20602K, capacity 21249K, committed 21504K, reserved 1069056K
  class space    used 2258K, capacity 2503K, committed 2560K, reserved 1048576K
}
Event: 13.805 GC heap before
{Heap before GC invocations=17 (full 0):
 garbage-first heap   total 310272K, used 179405K [0x0000000085a00000, 0x0000000100000000)
  region size 1024K, 31 young (31744K), 12 survivors (12288K)
 Metaspace       used 20602K, capacity 21249K, committed 21504K, reserved 1069056K
  class space    used 2258K, capacity 2503K, committed 2560K, reserved 1048576K
}
Event: 13.854 GC heap after
{Heap after GC invocations=18 (full 0):
 garbage-first heap   total 500736K, used 166096K [0x0000000085a00000, 0x0000000100000000)
  region size 1024K, 5 young (5120K), 5 survivors (5120K)
 Metaspace       used 20602K, capacity 21249K, committed 21504K, reserved 1069056K
  class space    used 2258K, capacity 2503K, committed 2560K, reserved 1048576K
}
Event: 14.726 GC heap before
{Heap before GC invocations=19 (full 0):
 garbage-first heap   total 500736K, used 252112K [0x0000000085a00000, 0x0000000100000000)
  region size 1024K, 106 young (108544K), 5 survivors (5120K)
 Metaspace       used 20608K, capacity 21313K, committed 21504K, reserved 1069056K
  class space    used 2258K, capacity 2503K, committed 2560K, reserved 1048576K
}
Event: 14.775 GC heap after
{Heap after GC invocations=20 (full 0):
 garbage-first heap   total 500736K, used 162000K [0x0000000085a00000, 0x0000000100000000)
  region size 1024K, 14 young (14336K), 14 survivors (14336K)
 Metaspace       used 20608K, capacity 21313K, committed 21504K, reserved 1069056K
  class space    used 2258K, capacity 2503K, committed 2560K, reserved 1048576K
}
Event: 14.889 GC heap before
{Heap before GC invocations=20 (full 0):
 garbage-first heap   total 500736K, used 173264K [0x0000000085a00000, 0x0000000100000000)
  region size 1024K, 24 young (24576K), 14 survivors (14336K)
 Metaspace       used 20608K, capacity 21313K, committed 21504K, reserved 1069056K
  class space    used 2258K, capacity 2503K, committed 2560K, reserved 1048576K
}

